

		 ++++++ ERRORS & WARNINGS ++++++





		 ++++++ THREE ADDRESS CODE ++++++

   0  |  main :
   1  |  	t#0 = 4
   2  |  	a = t#0
   3  |  	t#1 = &a
   4  |  	ptr = t#1
   5  |  	t#2 = 128
   6  |  	t#3 = 4.88e-2
   7  |  	y = t#3
   8  |  	t#4 = 63
   9  |  	t#5 = 'A'
  10  |  	c = t#5
  11  |  	t#6 = &c
  12  |  	cptr = t#6
  13  |  	str = t#7
  14  |  	t#8 = *ptr
  15  |  	t#10 = char2int(c)
  16  |  	t#9 = t#8 + t#10
  17  |  	b = t#9
  18  |  	t#11 = &y
  19  |  	fptr = t#11
  20  |  	fptr_ = B
  21  |  	t#12 = 12
  22  |  	t#13 = 13
  23  |  	t#14 = 4
  24  |  	t#15 = t#14 * 13
  25  |  	t#16 = 6
  26  |  	t#18 = t#16 * 1
  27  |  	t#17 = t#15 + t#18
  28  |  	t#19 = 'G'
  29  |  	C[t#17] = t#19
  30  |  	t#20 = 1
  31  |  	t#21 = t#20 * 13
  32  |  	t#22 = 0
  33  |  	t#24 = t#22 * 1
  34  |  	t#23 = t#21 + t#24
  35  |  	t#25 = 19
  36  |  	t#26 = int2char(t#25)
  37  |  	C[t#23] = t#26
  38  |  	t#27 = 10
  39  |  	t#28 = t#27 * 13
  40  |  	t#29 = 5
  41  |  	t#31 = t#29 * 1
  42  |  	t#30 = t#28 + t#31
  43  |  	t#32 = 2.33
  44  |  	t#33 = float2char(t#32)
  45  |  	C[t#30] = t#33
  46  |  	t#34 = 7
  47  |  	t#35 = t#34 * 13
  48  |  	t#36 = 11
  49  |  	t#38 = t#36 * 1
  50  |  	t#37 = t#35 + t#38
  51  |  	C[t#37] = c
  52  |  	t#39 = 11
  53  |  	t#40 = t#39 * 13
  54  |  	t#41 = 1
  55  |  	t#43 = t#41 * 1
  56  |  	t#42 = t#40 + t#43
  57  |  	t#44 = 99
  58  |  	t#45 = t#44 * 4
  59  |  	t#46 = A[t#45]
  60  |  	t#47 = int2char(t#46)
  61  |  	C[t#42] = t#47
  62  |  	t#48 = 61
  63  |  	t#49 = t#48 * 8
  64  |  	t#50 = 90
  65  |  	t#51 = t#50 * 4
  66  |  	t#52 = A[t#51]
  67  |  	t#53 = int2float(t#52)
  68  |  	B[t#49] = t#53
  69  |  	t#55 = char2int(c)
  70  |  	t#54 = a + t#55
  71  |  	t#56 = a * t#54
  72  |  	b = t#56
  73  |  	t#57 = 0
  74  |  	return t#57




		 ++++++ SYMBOL TABLES ++++++

  +----------------------------------------------------------------------------------------------------------------------+
  |  TABLE NAME : ST.Global                               PARENT NAME : Null                                             |
  +----------------------------------------------------------------------------------------------------------------------+
  | NAME                    | TYPE                | INIT-VALUE   | SIZE    | OFFSET      | NESTED                        |
  | func                    | func                |              | 0       | 0           | func                          |
  | main                    | func                |              | 0       | 0           | main                          |
  +----------------------------------------------------------------------------------------------------------------------+

  +----------------------------------------------------------------------------------------------------------------------+
  |  TABLE NAME : func                               PARENT NAME : ST.Global                                             |
  +----------------------------------------------------------------------------------------------------------------------+
  | NAME                    | TYPE                | INIT-VALUE   | SIZE    | OFFSET      | NESTED                        |
  | ptr                     | ptr(int)            |              | 4       | 0           | Null                          |
  | fptr                    | ptr(float)          |              | 4       | 4           | Null                          |
  | str                     | ptr(char)           |              | 4       | 8           | Null                          |
  | i                       | int                 |              | 4       | 12          | Null                          |
  | f                       | float               |              | 8       | 16          | Null                          |
  | c                       | char                |              | 1       | 24          | Null                          |
  +----------------------------------------------------------------------------------------------------------------------+

  +----------------------------------------------------------------------------------------------------------------------+
  |  TABLE NAME : main                               PARENT NAME : ST.Global                                             |
  +----------------------------------------------------------------------------------------------------------------------+
  | NAME                    | TYPE                | INIT-VALUE   | SIZE    | OFFSET      | NESTED                        |
  | return                  | int                 |              | 4       | 0           | Null                          |
  | a                       | int                 |  4           | 4       | 4           | Null                          |
  | t#0                     | int                 |  4           | 4       | 8           | Null                          |
  | ptr                     | ptr(int)            |              | 4       | 12          | Null                          |
  | t#1                     | ptr(int)            |              | 4       | 16          | Null                          |
  | x                       | int                 |              | 4       | 20          | Null                          |
  | A                       | arr(128,int)        |              | 512     | 24          | Null                          |
  | t#2                     | int                 |  128         | 4       | 536         | Null                          |
  | y                       | float               |  4.88e-2     | 8       | 540         | Null                          |
  | t#3                     | float               |  4.88e-2     | 8       | 548         | Null                          |
  | B                       | arr(63,float)       |              | 504     | 556         | Null                          |
  | t#4                     | int                 |  63          | 4       | 1060        | Null                          |
  | c                       | char                |  'A'         | 1       | 1064        | Null                          |
  | t#5                     | char                |  'A'         | 1       | 1065        | Null                          |
  | cptr                    | ptr(char)           |              | 4       | 1066        | Null                          |
  | t#6                     | ptr(char)           |              | 4       | 1070        | Null                          |
  | str                     | arr(*,char)         |  "compiler"  | 4       | 1074        | Null                          |
  | t#7                     | ptr(char)           |  "compiler"  | 4       | 1078        | Null                          |
  | b                       | int                 |              | 4       | 1082        | Null                          |
  | t#8                     | int                 |              | 4       | 1086        | Null                          |
  | t#9                     | int                 |              | 4       | 1090        | Null                          |
  | t#10                    | int                 |              | 4       | 1094        | Null                          |
  | fptr                    | ptr(float)          |              | 4       | 1098        | Null                          |
  | t#11                    | ptr(float)          |              | 4       | 1102        | Null                          |
  | fptr_                   | ptr(float)          |              | 4       | 1106        | Null                          |
  | C                       | arr(12,arr(13,char))|              | 156     | 1110        | Null                          |
  | t#12                    | int                 |  12          | 4       | 1266        | Null                          |
  | t#13                    | int                 |  13          | 4       | 1270        | Null                          |
  | t#14                    | int                 |  4           | 4       | 1274        | Null                          |
  | t#15                    | int                 |              | 4       | 1278        | Null                          |
  | t#16                    | int                 |  6           | 4       | 1282        | Null                          |
  | t#17                    | int                 |              | 4       | 1286        | Null                          |
  | t#18                    | int                 |              | 4       | 1290        | Null                          |
  | t#19                    | char                |  'G'         | 1       | 1294        | Null                          |
  | t#20                    | int                 |  1           | 4       | 1295        | Null                          |
  | t#21                    | int                 |              | 4       | 1299        | Null                          |
  | t#22                    | int                 |  0           | 4       | 1303        | Null                          |
  | t#23                    | int                 |              | 4       | 1307        | Null                          |
  | t#24                    | int                 |              | 4       | 1311        | Null                          |
  | t#25                    | int                 |  19          | 4       | 1315        | Null                          |
  | t#26                    | char                |              | 1       | 1319        | Null                          |
  | t#27                    | int                 |  10          | 4       | 1320        | Null                          |
  | t#28                    | int                 |              | 4       | 1324        | Null                          |
  | t#29                    | int                 |  5           | 4       | 1328        | Null                          |
  | t#30                    | int                 |              | 4       | 1332        | Null                          |
  | t#31                    | int                 |              | 4       | 1336        | Null                          |
  | t#32                    | float               |  2.33        | 8       | 1340        | Null                          |
  | t#33                    | char                |              | 1       | 1348        | Null                          |
  | t#34                    | int                 |  7           | 4       | 1349        | Null                          |
  | t#35                    | int                 |              | 4       | 1353        | Null                          |
  | t#36                    | int                 |  11          | 4       | 1357        | Null                          |
  | t#37                    | int                 |              | 4       | 1361        | Null                          |
  | t#38                    | int                 |              | 4       | 1365        | Null                          |
  | t#39                    | int                 |  11          | 4       | 1369        | Null                          |
  | t#40                    | int                 |              | 4       | 1373        | Null                          |
  | t#41                    | int                 |  1           | 4       | 1377        | Null                          |
  | t#42                    | int                 |              | 4       | 1381        | Null                          |
  | t#43                    | int                 |              | 4       | 1385        | Null                          |
  | t#44                    | int                 |  99          | 4       | 1389        | Null                          |
  | t#45                    | int                 |              | 4       | 1393        | Null                          |
  | t#46                    | int                 |              | 4       | 1397        | Null                          |
  | t#47                    | char                |              | 1       | 1401        | Null                          |
  | t#48                    | int                 |  61          | 4       | 1402        | Null                          |
  | t#49                    | int                 |              | 4       | 1406        | Null                          |
  | t#50                    | int                 |  90          | 4       | 1410        | Null                          |
  | t#51                    | int                 |              | 4       | 1414        | Null                          |
  | t#52                    | int                 |              | 4       | 1418        | Null                          |
  | t#53                    | float               |              | 8       | 1422        | Null                          |
  | t#54                    | int                 |              | 4       | 1430        | Null                          |
  | t#55                    | int                 |              | 4       | 1434        | Null                          |
  | t#56                    | int                 |              | 4       | 1438        | Null                          |
  | t#57                    | int                 |  0           | 4       | 1442        | Null                          |
  +----------------------------------------------------------------------------------------------------------------------+

