

		 ++++++ ERRORS & WARNINGS ++++++





		 ++++++ THREE ADDRESS CODE ++++++

   0  |  	GCD :
   1  |  	t#0 = 0
   2  |  	if b == t#0 goto 5
   3  |  	goto 7
   4  |  	goto 7
   5  |  	return a
   6  |  	goto 7
   7  |  	param b
   8  |  	t#1 = a % b
   9  |  	param t#1
  10  |  	t#2 = call GCD, 2
  11  |  	return t#2
  12  |  	GCD_END :
  13  |  	LCM :
  14  |  	param a
  15  |  	param b
  16  |  	t#3 = call GCD, 2
  17  |  	gcd = t#3
  18  |  	t#4 = a * b
  19  |  	prod = t#4
  20  |  	t#5 = prod / gcd
  21  |  	return t#5
  22  |  	LCM_END :
  23  |  	main :
  24  |  	t#6 = 0
  25  |  	param t#6
  26  |  	t#7 = call printStr, 1
  27  |  	t#8 = 1
  28  |  	param t#8
  29  |  	t#9 = call printStr, 1
  30  |  	t#10 = &x
  31  |  	param t#10
  32  |  	t#11 = call readInt, 1
  33  |  	t#12 = 2
  34  |  	param t#12
  35  |  	t#13 = call printStr, 1
  36  |  	t#14 = &y
  37  |  	param t#14
  38  |  	t#15 = call readInt, 1
  39  |  	t#16 = 0
  40  |  	if x <= t#16 goto 46
  41  |  	goto 42
  42  |  	t#17 = 0
  43  |  	if y <= t#17 goto 46
  44  |  	goto 52
  45  |  	goto 52
  46  |  	t#18 = 3
  47  |  	param t#18
  48  |  	t#19 = call printStr, 1
  49  |  	t#20 = 0
  50  |  	return t#20
  51  |  	goto 52
  52  |  	t#21 = 4
  53  |  	param t#21
  54  |  	t#22 = call printStr, 1
  55  |  	param x
  56  |  	param y
  57  |  	t#23 = call GCD, 2
  58  |  	param t#23
  59  |  	t#24 = call printInt, 1
  60  |  	t#25 = 5
  61  |  	param t#25
  62  |  	t#26 = call printStr, 1
  63  |  	param x
  64  |  	param y
  65  |  	t#27 = call LCM, 2
  66  |  	param t#27
  67  |  	t#28 = call printInt, 1
  68  |  	t#29 = 6
  69  |  	param t#29
  70  |  	t#30 = call printStr, 1
  71  |  	main_END :




		 ++++++ SYMBOL TABLES (FLATTENED) ++++++

  +---------------------------------------------------------------------------------------------------------------------------------------------------------------------------------------------------------------+
  |  TABLE NAME : ST.Global                               PARENT NAME : Null                                                                                                                                      |
  +---------------------------------------------------------------------------------------------------------------------------------------------------------------------------------------------------------------+
  | NAME                    | TYPE                | CATEGORY           | INIT-VALUE                                                                       | SIZE    | OFFSET      | NESTED                        |
  | readInt                 | int                 | function           |                                                                                  | 4       | 0           | readInt                       |
  | printInt                | int                 | function           |                                                                                  | 4       | 4           | printInt                      |
  | printStr                | int                 | function           |                                                                                  | 4       | 8           | printStr                      |
  | GCD                     | int                 | function           |                                                                                  | 4       | 12          | GCD                           |
  | LCM                     | int                 | function           |                                                                                  | 4       | 16          | LCM                           |
  | main                    | int                 | function           |                                                                                  | 4       | 20          | main                          |
  +---------------------------------------------------------------------------------------------------------------------------------------------------------------------------------------------------------------+

  +---------------------------------------------------------------------------------------------------------------------------------------------------------------------------------------------------------------+
  |  TABLE NAME : readInt                               PARENT NAME : ST.Global                                                                                                                                   |
  +---------------------------------------------------------------------------------------------------------------------------------------------------------------------------------------------------------------+
  | NAME                    | TYPE                | CATEGORY           | INIT-VALUE                                                                       | SIZE    | OFFSET      | NESTED                        |
  | arg                     | ptr(int)            | param              |                                                                                  | 4       | 0           | Null                          |
  | return                  | int                 | local              |                                                                                  | 4       | 4           | Null                          |
  +---------------------------------------------------------------------------------------------------------------------------------------------------------------------------------------------------------------+

  +---------------------------------------------------------------------------------------------------------------------------------------------------------------------------------------------------------------+
  |  TABLE NAME : printInt                               PARENT NAME : ST.Global                                                                                                                                  |
  +---------------------------------------------------------------------------------------------------------------------------------------------------------------------------------------------------------------+
  | NAME                    | TYPE                | CATEGORY           | INIT-VALUE                                                                       | SIZE    | OFFSET      | NESTED                        |
  | arg                     | int                 | param              |                                                                                  | 4       | 0           | Null                          |
  | return                  | int                 | local              |                                                                                  | 4       | 4           | Null                          |
  +---------------------------------------------------------------------------------------------------------------------------------------------------------------------------------------------------------------+

  +---------------------------------------------------------------------------------------------------------------------------------------------------------------------------------------------------------------+
  |  TABLE NAME : printStr                               PARENT NAME : ST.Global                                                                                                                                  |
  +---------------------------------------------------------------------------------------------------------------------------------------------------------------------------------------------------------------+
  | NAME                    | TYPE                | CATEGORY           | INIT-VALUE                                                                       | SIZE    | OFFSET      | NESTED                        |
  | arg                     | ptr(char)           | param              |                                                                                  | 4       | 0           | Null                          |
  | return                  | int                 | local              |                                                                                  | 4       | 4           | Null                          |
  +---------------------------------------------------------------------------------------------------------------------------------------------------------------------------------------------------------------+

  +---------------------------------------------------------------------------------------------------------------------------------------------------------------------------------------------------------------+
  |  TABLE NAME : GCD                               PARENT NAME : ST.Global                                                                                                                                       |
  +---------------------------------------------------------------------------------------------------------------------------------------------------------------------------------------------------------------+
  | NAME                    | TYPE                | CATEGORY           | INIT-VALUE                                                                       | SIZE    | OFFSET      | NESTED                        |
  | a                       | int                 | param              |                                                                                  | 4       | 0           | Null                          |
  | b                       | int                 | param              |                                                                                  | 4       | 4           | Null                          |
  | return                  | int                 | local              |                                                                                  | 4       | 8           | Null                          |
  | t#0                     | int                 | temp               |  0                                                                               | 4       | 12          | Null                          |
  | t#1                     | int                 | temp               |                                                                                  | 4       | 16          | Null                          |
  | t#2                     | int                 | temp               |                                                                                  | 4       | 20          | Null                          |
  +---------------------------------------------------------------------------------------------------------------------------------------------------------------------------------------------------------------+

  +---------------------------------------------------------------------------------------------------------------------------------------------------------------------------------------------------------------+
  |  TABLE NAME : LCM                               PARENT NAME : ST.Global                                                                                                                                       |
  +---------------------------------------------------------------------------------------------------------------------------------------------------------------------------------------------------------------+
  | NAME                    | TYPE                | CATEGORY           | INIT-VALUE                                                                       | SIZE    | OFFSET      | NESTED                        |
  | a                       | int                 | param              |                                                                                  | 4       | 0           | Null                          |
  | b                       | int                 | param              |                                                                                  | 4       | 4           | Null                          |
  | return                  | int                 | local              |                                                                                  | 4       | 8           | Null                          |
  | gcd                     | int                 | local              |                                                                                  | 4       | 12          | Null                          |
  | t#3                     | int                 | temp               |                                                                                  | 4       | 16          | Null                          |
  | prod                    | int                 | local              |                                                                                  | 4       | 20          | Null                          |
  | t#4                     | int                 | temp               |                                                                                  | 4       | 24          | Null                          |
  | t#5                     | int                 | temp               |                                                                                  | 4       | 28          | Null                          |
  +---------------------------------------------------------------------------------------------------------------------------------------------------------------------------------------------------------------+

  +---------------------------------------------------------------------------------------------------------------------------------------------------------------------------------------------------------------+
  |  TABLE NAME : main                               PARENT NAME : ST.Global                                                                                                                                      |
  +---------------------------------------------------------------------------------------------------------------------------------------------------------------------------------------------------------------+
  | NAME                    | TYPE                | CATEGORY           | INIT-VALUE                                                                       | SIZE    | OFFSET      | NESTED                        |
  | return                  | int                 | local              |                                                                                  | 4       | 0           | Null                          |
  | t#6                     | ptr(char)           | temp               |  "\n\n"                                                                          | 4       | 4           | Null                          |
  | t#7                     | int                 | temp               |                                                                                  | 4       | 8           | Null                          |
  | x                       | int                 | local              |                                                                                  | 4       | 12          | Null                          |
  | y                       | int                 | local              |                                                                                  | 4       | 16          | Null                          |
  | t#8                     | ptr(char)           | temp               |  " Enter 1st no. : "                                                             | 4       | 20          | Null                          |
  | t#9                     | int                 | temp               |                                                                                  | 4       | 24          | Null                          |
  | t#10                    | ptr(int)            | temp               |                                                                                  | 4       | 28          | Null                          |
  | t#11                    | int                 | temp               |                                                                                  | 4       | 32          | Null                          |
  | t#12                    | ptr(char)           | temp               |  " Enter 2nd no. : "                                                             | 4       | 36          | Null                          |
  | t#13                    | int                 | temp               |                                                                                  | 4       | 40          | Null                          |
  | t#14                    | ptr(int)            | temp               |                                                                                  | 4       | 44          | Null                          |
  | t#15                    | int                 | temp               |                                                                                  | 4       | 48          | Null                          |
  | t#16                    | int                 | temp               |  0                                                                               | 4       | 52          | Null                          |
  | t#17                    | int                 | temp               |  0                                                                               | 4       | 56          | Null                          |
  | t#18                    | ptr(char)           | temp               |  " [Numbers must be strictly positive]\n\n"                                      | 4       | 60          | Null                          |
  | t#19                    | int                 | temp               |                                                                                  | 4       | 64          | Null                          |
  | t#20                    | int                 | temp               |  0                                                                               | 4       | 68          | Null                          |
  | t#21                    | ptr(char)           | temp               |  " GCD : "                                                                       | 4       | 72          | Null                          |
  | t#22                    | int                 | temp               |                                                                                  | 4       | 76          | Null                          |
  | t#23                    | int                 | temp               |                                                                                  | 4       | 80          | Null                          |
  | t#24                    | int                 | temp               |                                                                                  | 4       | 84          | Null                          |
  | t#25                    | ptr(char)           | temp               |  "\n LCM : "                                                                     | 4       | 88          | Null                          |
  | t#26                    | int                 | temp               |                                                                                  | 4       | 92          | Null                          |
  | t#27                    | int                 | temp               |                                                                                  | 4       | 96          | Null                          |
  | t#28                    | int                 | temp               |                                                                                  | 4       | 100         | Null                          |
  | t#29                    | ptr(char)           | temp               |  "\n\n"                                                                          | 4       | 104         | Null                          |
  | t#30                    | int                 | temp               |                                                                                  | 4       | 108         | Null                          |
  +---------------------------------------------------------------------------------------------------------------------------------------------------------------------------------------------------------------+



		 ++++++ TABLE OF GLOBAL DATA ++++++

 +------------------------+--------------------+------------+---------+
 | NAME                   | TYPE               | INIT-VALUE | SIZE    |
 +------------------------+--------------------+------------+---------+
 +------------------------+--------------------+------------+---------+



		 ++++++ TABLE OF STRING CONSTANTS ++++++

 +---------------------------------------------------------------------------------+----------------+-------+
 | VALUE                                                                           | TYPE            | SIZE |
 +---------------------------------------------------------------------------------+----------------+-------+
 | \n\n                                                                            | arr(6, char)    | 6    |
 |  Enter 1st no. :                                                                | arr(19, char)   | 19   |
 |  Enter 2nd no. :                                                                | arr(19, char)   | 19   |
 |  [Numbers must be strictly positive]\n\n                                        | arr(42, char)   | 42   |
 |  GCD :                                                                          | arr(9, char)    | 9    |
 | \n LCM :                                                                        | arr(11, char)   | 11   |
 +---------------------------------------------------------------------------------+----------------+-------+



		 ++++++ ACTIVATION RECORDS ++++++

 +------------------------------------------------------------------------+
 | [ ACTIVATION RECORD ]     readInt                                      |
 +--------------------+----------------+--------------+---------+---------+
 | NAME               | TYPE           | CATEGORY     | SIZE    | OFFSET  |
 +--------------------+----------------+--------------+---------+---------+
 +--------------------+----------------+--------------+---------+---------+

 +------------------------------------------------------------------------+
 | [ ACTIVATION RECORD ]     printInt                                     |
 +--------------------+----------------+--------------+---------+---------+
 | NAME               | TYPE           | CATEGORY     | SIZE    | OFFSET  |
 +--------------------+----------------+--------------+---------+---------+
 +--------------------+----------------+--------------+---------+---------+

 +------------------------------------------------------------------------+
 | [ ACTIVATION RECORD ]     printStr                                     |
 +--------------------+----------------+--------------+---------+---------+
 | NAME               | TYPE           | CATEGORY     | SIZE    | OFFSET  |
 +--------------------+----------------+--------------+---------+---------+
 +--------------------+----------------+--------------+---------+---------+

 +------------------------------------------------------------------------+
 | [ ACTIVATION RECORD ]     GCD                                          |
 +--------------------+----------------+--------------+---------+---------+
 | NAME               | TYPE           | CATEGORY     | SIZE    | OFFSET  |
 +--------------------+----------------+--------------+---------+---------+
 | b                  | int            | param        | 4       | -16     |
 | a                  | int            | param        | 4       | -20     |
 | t#0                | int            | temp         | 4       | -24     |
 | t#1                | int            | temp         | 4       | -28     |
 | t#2                | int            | temp         | 4       | -32     |
 +--------------------+----------------+--------------+---------+---------+

 +------------------------------------------------------------------------+
 | [ ACTIVATION RECORD ]     LCM                                          |
 +--------------------+----------------+--------------+---------+---------+
 | NAME               | TYPE           | CATEGORY     | SIZE    | OFFSET  |
 +--------------------+----------------+--------------+---------+---------+
 | b                  | int            | param        | 4       | -16     |
 | a                  | int            | param        | 4       | -20     |
 | gcd                | int            | local        | 4       | -24     |
 | t#3                | int            | temp         | 4       | -28     |
 | prod               | int            | local        | 4       | -32     |
 | t#4                | int            | temp         | 4       | -36     |
 | t#5                | int            | temp         | 4       | -40     |
 +--------------------+----------------+--------------+---------+---------+

 +------------------------------------------------------------------------+
 | [ ACTIVATION RECORD ]     main                                         |
 +--------------------+----------------+--------------+---------+---------+
 | NAME               | TYPE           | CATEGORY     | SIZE    | OFFSET  |
 +--------------------+----------------+--------------+---------+---------+
 | t#6                | ptr(char)      | temp         | 4       | -24     |
 | t#7                | int            | temp         | 4       | -28     |
 | x                  | int            | local        | 4       | -32     |
 | y                  | int            | local        | 4       | -36     |
 | t#8                | ptr(char)      | temp         | 4       | -40     |
 | t#9                | int            | temp         | 4       | -44     |
 | t#10               | ptr(int)       | temp         | 4       | -48     |
 | t#11               | int            | temp         | 4       | -52     |
 | t#12               | ptr(char)      | temp         | 4       | -56     |
 | t#13               | int            | temp         | 4       | -60     |
 | t#14               | ptr(int)       | temp         | 4       | -64     |
 | t#15               | int            | temp         | 4       | -68     |
 | t#16               | int            | temp         | 4       | -72     |
 | t#17               | int            | temp         | 4       | -76     |
 | t#18               | ptr(char)      | temp         | 4       | -80     |
 | t#19               | int            | temp         | 4       | -84     |
 | t#20               | int            | temp         | 4       | -88     |
 | t#21               | ptr(char)      | temp         | 4       | -92     |
 | t#22               | int            | temp         | 4       | -96     |
 | t#23               | int            | temp         | 4       | -100    |
 | t#24               | int            | temp         | 4       | -104    |
 | t#25               | ptr(char)      | temp         | 4       | -108    |
 | t#26               | int            | temp         | 4       | -112    |
 | t#27               | int            | temp         | 4       | -116    |
 | t#28               | int            | temp         | 4       | -120    |
 | t#29               | ptr(char)      | temp         | 4       | -124    |
 | t#30               | int            | temp         | 4       | -128    |
 +--------------------+----------------+--------------+---------+---------+

