

		 ++++++ ERRORS & WARNINGS ++++++





		 ++++++ THREE ADDRESS CODE ++++++

   0  |  	FiboRec :
   1  |  	t#0 = 0
   2  |  	if n <= t#0 goto 5
   3  |  	goto 9
   4  |  	goto 9
   5  |  	t#1 = 1
   6  |  	t#2 = - t#1
   7  |  	return t#2
   8  |  	goto 9
   9  |  	t#3 = 1
  10  |  	if n == t#3 goto 13
  11  |  	goto 16
  12  |  	goto 16
  13  |  	t#4 = 0
  14  |  	return t#4
  15  |  	goto 16
  16  |  	t#5 = 2
  17  |  	if n == t#5 goto 20
  18  |  	goto 23
  19  |  	goto 23
  20  |  	t#6 = 1
  21  |  	return t#6
  22  |  	goto 23
  23  |  	t#7 = 1
  24  |  	t#8 = n - t#7
  25  |  	param t#8
  26  |  	t#9 = call FiboRec, 1
  27  |  	t#10 = 2
  28  |  	t#11 = n - t#10
  29  |  	param t#11
  30  |  	t#12 = call FiboRec, 1
  31  |  	t#13 = t#9 + t#12
  32  |  	return t#13
  33  |  	FiboRec_END :
  34  |  	TriboRec :
  35  |  	t#14 = 0
  36  |  	if n <= t#14 goto 39
  37  |  	goto 43
  38  |  	goto 43
  39  |  	t#15 = 1
  40  |  	t#16 = - t#15
  41  |  	return t#16
  42  |  	goto 43
  43  |  	t#17 = 1
  44  |  	if n == t#17 goto 47
  45  |  	goto 50
  46  |  	goto 50
  47  |  	t#18 = 0
  48  |  	return t#18
  49  |  	goto 50
  50  |  	t#19 = 2
  51  |  	if n == t#19 goto 54
  52  |  	goto 57
  53  |  	goto 57
  54  |  	t#20 = 1
  55  |  	return t#20
  56  |  	goto 57
  57  |  	t#21 = 3
  58  |  	if n == t#21 goto 61
  59  |  	goto 64
  60  |  	goto 64
  61  |  	t#22 = 2
  62  |  	return t#22
  63  |  	goto 64
  64  |  	t#23 = 1
  65  |  	t#24 = n - t#23
  66  |  	param t#24
  67  |  	t#25 = call TriboRec, 1
  68  |  	t#26 = 2
  69  |  	t#27 = n - t#26
  70  |  	param t#27
  71  |  	t#28 = call TriboRec, 1
  72  |  	t#29 = t#25 + t#28
  73  |  	t#30 = 3
  74  |  	t#31 = n - t#30
  75  |  	param t#31
  76  |  	t#32 = call TriboRec, 1
  77  |  	t#33 = t#29 + t#32
  78  |  	return t#33
  79  |  	TriboRec_END :
  80  |  	main :
  81  |  	t#34 = 0
  82  |  	param t#34
  83  |  	t#35 = call printStr, 1
  84  |  	t#36 = 1
  85  |  	param t#36
  86  |  	t#37 = call printStr, 1
  87  |  	t#38 = &n
  88  |  	param t#38
  89  |  	t#39 = call readInt, 1
  90  |  	t#40 = 2
  91  |  	param t#40
  92  |  	t#41 = call printStr, 1
  93  |  	param n
  94  |  	t#42 = call FiboRec, 1
  95  |  	param t#42
  96  |  	t#43 = call printInt, 1
  97  |  	t#44 = 3
  98  |  	param t#44
  99  |  	t#45 = call printStr, 1
 100  |  	param n
 101  |  	t#46 = call TriboRec, 1
 102  |  	param t#46
 103  |  	t#47 = call printInt, 1
 104  |  	t#48 = 4
 105  |  	param t#48
 106  |  	t#49 = call printStr, 1
 107  |  	main_END :




		 ++++++ SYMBOL TABLES (FLATTENED) ++++++

  +---------------------------------------------------------------------------------------------------------------------------------------------------------------------------------------------------------------+
  |  TABLE NAME : ST.Global                               PARENT NAME : Null                                                                                                                                      |
  +---------------------------------------------------------------------------------------------------------------------------------------------------------------------------------------------------------------+
  | NAME                    | TYPE                | CATEGORY           | INIT-VALUE                                                                       | SIZE    | OFFSET      | NESTED                        |
  | readInt                 | int                 | function           |                                                                                  | 4       | 0           | readInt                       |
  | printInt                | int                 | function           |                                                                                  | 4       | 4           | printInt                      |
  | printStr                | int                 | function           |                                                                                  | 4       | 8           | printStr                      |
  | FiboRec                 | int                 | function           |                                                                                  | 4       | 12          | FiboRec                       |
  | TriboRec                | int                 | function           |                                                                                  | 4       | 16          | TriboRec                      |
  | main                    | int                 | function           |                                                                                  | 4       | 20          | main                          |
  +---------------------------------------------------------------------------------------------------------------------------------------------------------------------------------------------------------------+

  +---------------------------------------------------------------------------------------------------------------------------------------------------------------------------------------------------------------+
  |  TABLE NAME : readInt                               PARENT NAME : ST.Global                                                                                                                                   |
  +---------------------------------------------------------------------------------------------------------------------------------------------------------------------------------------------------------------+
  | NAME                    | TYPE                | CATEGORY           | INIT-VALUE                                                                       | SIZE    | OFFSET      | NESTED                        |
  | arg                     | ptr(int)            | param              |                                                                                  | 4       | 0           | Null                          |
  | return                  | int                 | local              |                                                                                  | 4       | 4           | Null                          |
  +---------------------------------------------------------------------------------------------------------------------------------------------------------------------------------------------------------------+

  +---------------------------------------------------------------------------------------------------------------------------------------------------------------------------------------------------------------+
  |  TABLE NAME : printInt                               PARENT NAME : ST.Global                                                                                                                                  |
  +---------------------------------------------------------------------------------------------------------------------------------------------------------------------------------------------------------------+
  | NAME                    | TYPE                | CATEGORY           | INIT-VALUE                                                                       | SIZE    | OFFSET      | NESTED                        |
  | arg                     | int                 | param              |                                                                                  | 4       | 0           | Null                          |
  | return                  | int                 | local              |                                                                                  | 4       | 4           | Null                          |
  +---------------------------------------------------------------------------------------------------------------------------------------------------------------------------------------------------------------+

  +---------------------------------------------------------------------------------------------------------------------------------------------------------------------------------------------------------------+
  |  TABLE NAME : printStr                               PARENT NAME : ST.Global                                                                                                                                  |
  +---------------------------------------------------------------------------------------------------------------------------------------------------------------------------------------------------------------+
  | NAME                    | TYPE                | CATEGORY           | INIT-VALUE                                                                       | SIZE    | OFFSET      | NESTED                        |
  | arg                     | ptr(char)           | param              |                                                                                  | 4       | 0           | Null                          |
  | return                  | int                 | local              |                                                                                  | 4       | 4           | Null                          |
  +---------------------------------------------------------------------------------------------------------------------------------------------------------------------------------------------------------------+

  +---------------------------------------------------------------------------------------------------------------------------------------------------------------------------------------------------------------+
  |  TABLE NAME : FiboRec                               PARENT NAME : ST.Global                                                                                                                                   |
  +---------------------------------------------------------------------------------------------------------------------------------------------------------------------------------------------------------------+
  | NAME                    | TYPE                | CATEGORY           | INIT-VALUE                                                                       | SIZE    | OFFSET      | NESTED                        |
  | n                       | int                 | param              |                                                                                  | 4       | 0           | Null                          |
  | return                  | int                 | local              |                                                                                  | 4       | 4           | Null                          |
  | t#0                     | int                 | temp               |  0                                                                               | 4       | 8           | Null                          |
  | t#1                     | int                 | temp               |  1                                                                               | 4       | 12          | Null                          |
  | t#2                     | int                 | temp               |                                                                                  | 4       | 16          | Null                          |
  | t#3                     | int                 | temp               |  1                                                                               | 4       | 20          | Null                          |
  | t#4                     | int                 | temp               |  0                                                                               | 4       | 24          | Null                          |
  | t#5                     | int                 | temp               |  2                                                                               | 4       | 28          | Null                          |
  | t#6                     | int                 | temp               |  1                                                                               | 4       | 32          | Null                          |
  | t#7                     | int                 | temp               |  1                                                                               | 4       | 36          | Null                          |
  | t#8                     | int                 | temp               |                                                                                  | 4       | 40          | Null                          |
  | t#9                     | int                 | temp               |                                                                                  | 4       | 44          | Null                          |
  | t#10                    | int                 | temp               |  2                                                                               | 4       | 48          | Null                          |
  | t#11                    | int                 | temp               |                                                                                  | 4       | 52          | Null                          |
  | t#12                    | int                 | temp               |                                                                                  | 4       | 56          | Null                          |
  | t#13                    | int                 | temp               |                                                                                  | 4       | 60          | Null                          |
  +---------------------------------------------------------------------------------------------------------------------------------------------------------------------------------------------------------------+

  +---------------------------------------------------------------------------------------------------------------------------------------------------------------------------------------------------------------+
  |  TABLE NAME : TriboRec                               PARENT NAME : ST.Global                                                                                                                                  |
  +---------------------------------------------------------------------------------------------------------------------------------------------------------------------------------------------------------------+
  | NAME                    | TYPE                | CATEGORY           | INIT-VALUE                                                                       | SIZE    | OFFSET      | NESTED                        |
  | n                       | int                 | param              |                                                                                  | 4       | 0           | Null                          |
  | return                  | int                 | local              |                                                                                  | 4       | 4           | Null                          |
  | t#14                    | int                 | temp               |  0                                                                               | 4       | 8           | Null                          |
  | t#15                    | int                 | temp               |  1                                                                               | 4       | 12          | Null                          |
  | t#16                    | int                 | temp               |                                                                                  | 4       | 16          | Null                          |
  | t#17                    | int                 | temp               |  1                                                                               | 4       | 20          | Null                          |
  | t#18                    | int                 | temp               |  0                                                                               | 4       | 24          | Null                          |
  | t#19                    | int                 | temp               |  2                                                                               | 4       | 28          | Null                          |
  | t#20                    | int                 | temp               |  1                                                                               | 4       | 32          | Null                          |
  | t#21                    | int                 | temp               |  3                                                                               | 4       | 36          | Null                          |
  | t#22                    | int                 | temp               |  2                                                                               | 4       | 40          | Null                          |
  | t#23                    | int                 | temp               |  1                                                                               | 4       | 44          | Null                          |
  | t#24                    | int                 | temp               |                                                                                  | 4       | 48          | Null                          |
  | t#25                    | int                 | temp               |                                                                                  | 4       | 52          | Null                          |
  | t#26                    | int                 | temp               |  2                                                                               | 4       | 56          | Null                          |
  | t#27                    | int                 | temp               |                                                                                  | 4       | 60          | Null                          |
  | t#28                    | int                 | temp               |                                                                                  | 4       | 64          | Null                          |
  | t#29                    | int                 | temp               |                                                                                  | 4       | 68          | Null                          |
  | t#30                    | int                 | temp               |  3                                                                               | 4       | 72          | Null                          |
  | t#31                    | int                 | temp               |                                                                                  | 4       | 76          | Null                          |
  | t#32                    | int                 | temp               |                                                                                  | 4       | 80          | Null                          |
  | t#33                    | int                 | temp               |                                                                                  | 4       | 84          | Null                          |
  +---------------------------------------------------------------------------------------------------------------------------------------------------------------------------------------------------------------+

  +---------------------------------------------------------------------------------------------------------------------------------------------------------------------------------------------------------------+
  |  TABLE NAME : main                               PARENT NAME : ST.Global                                                                                                                                      |
  +---------------------------------------------------------------------------------------------------------------------------------------------------------------------------------------------------------------+
  | NAME                    | TYPE                | CATEGORY           | INIT-VALUE                                                                       | SIZE    | OFFSET      | NESTED                        |
  | return                  | int                 | local              |                                                                                  | 4       | 0           | Null                          |
  | t#34                    | ptr(char)           | temp               |  "\n\n"                                                                          | 4       | 4           | Null                          |
  | t#35                    | int                 | temp               |                                                                                  | 4       | 8           | Null                          |
  | n                       | int                 | local              |                                                                                  | 4       | 12          | Null                          |
  | t#36                    | ptr(char)           | temp               |  " Enter n (< 20) : "                                                            | 4       | 16          | Null                          |
  | t#37                    | int                 | temp               |                                                                                  | 4       | 20          | Null                          |
  | t#38                    | ptr(int)            | temp               |                                                                                  | 4       | 24          | Null                          |
  | t#39                    | int                 | temp               |                                                                                  | 4       | 28          | Null                          |
  | t#40                    | ptr(char)           | temp               |  " nth Fibo no. : "                                                              | 4       | 32          | Null                          |
  | t#41                    | int                 | temp               |                                                                                  | 4       | 36          | Null                          |
  | t#42                    | int                 | temp               |                                                                                  | 4       | 40          | Null                          |
  | t#43                    | int                 | temp               |                                                                                  | 4       | 44          | Null                          |
  | t#44                    | ptr(char)           | temp               |  "\n nth Tribo no. : "                                                           | 4       | 48          | Null                          |
  | t#45                    | int                 | temp               |                                                                                  | 4       | 52          | Null                          |
  | t#46                    | int                 | temp               |                                                                                  | 4       | 56          | Null                          |
  | t#47                    | int                 | temp               |                                                                                  | 4       | 60          | Null                          |
  | t#48                    | ptr(char)           | temp               |  "\n\n"                                                                          | 4       | 64          | Null                          |
  | t#49                    | int                 | temp               |                                                                                  | 4       | 68          | Null                          |
  +---------------------------------------------------------------------------------------------------------------------------------------------------------------------------------------------------------------+



		 ++++++ TABLE OF GLOBAL DATA ++++++

 +------------------------+--------------------+------------+---------+
 | NAME                   | TYPE               | INIT-VALUE | SIZE    |
 +------------------------+--------------------+------------+---------+
 +------------------------+--------------------+------------+---------+



		 ++++++ TABLE OF STRING CONSTANTS ++++++

 +---------------------------------------------------------------------------------+----------------+-------+
 | VALUE                                                                           | TYPE            | SIZE |
 +---------------------------------------------------------------------------------+----------------+-------+
 | \n\n                                                                            | arr(6, char)    | 6    |
 |  Enter n (< 20) :                                                               | arr(20, char)   | 20   |
 |  nth Fibo no. :                                                                 | arr(18, char)   | 18   |
 | \n nth Tribo no. :                                                              | arr(21, char)   | 21   |
 +---------------------------------------------------------------------------------+----------------+-------+



		 ++++++ ACTIVATION RECORDS ++++++

 +------------------------------------------------------------------------+
 | [ ACTIVATION RECORD ]     readInt                                      |
 +--------------------+----------------+--------------+---------+---------+
 | NAME               | TYPE           | CATEGORY     | SIZE    | OFFSET  |
 +--------------------+----------------+--------------+---------+---------+
 +--------------------+----------------+--------------+---------+---------+

 +------------------------------------------------------------------------+
 | [ ACTIVATION RECORD ]     printInt                                     |
 +--------------------+----------------+--------------+---------+---------+
 | NAME               | TYPE           | CATEGORY     | SIZE    | OFFSET  |
 +--------------------+----------------+--------------+---------+---------+
 +--------------------+----------------+--------------+---------+---------+

 +------------------------------------------------------------------------+
 | [ ACTIVATION RECORD ]     printStr                                     |
 +--------------------+----------------+--------------+---------+---------+
 | NAME               | TYPE           | CATEGORY     | SIZE    | OFFSET  |
 +--------------------+----------------+--------------+---------+---------+
 +--------------------+----------------+--------------+---------+---------+

 +------------------------------------------------------------------------+
 | [ ACTIVATION RECORD ]     FiboRec                                      |
 +--------------------+----------------+--------------+---------+---------+
 | NAME               | TYPE           | CATEGORY     | SIZE    | OFFSET  |
 +--------------------+----------------+--------------+---------+---------+
 | n                  | int            | param        | 4       | -20     |
 | t#0                | int            | temp         | 4       | -24     |
 | t#1                | int            | temp         | 4       | -28     |
 | t#2                | int            | temp         | 4       | -32     |
 | t#3                | int            | temp         | 4       | -36     |
 | t#4                | int            | temp         | 4       | -40     |
 | t#5                | int            | temp         | 4       | -44     |
 | t#6                | int            | temp         | 4       | -48     |
 | t#7                | int            | temp         | 4       | -52     |
 | t#8                | int            | temp         | 4       | -56     |
 | t#9                | int            | temp         | 4       | -60     |
 | t#10               | int            | temp         | 4       | -64     |
 | t#11               | int            | temp         | 4       | -68     |
 | t#12               | int            | temp         | 4       | -72     |
 | t#13               | int            | temp         | 4       | -76     |
 +--------------------+----------------+--------------+---------+---------+

 +------------------------------------------------------------------------+
 | [ ACTIVATION RECORD ]     TriboRec                                     |
 +--------------------+----------------+--------------+---------+---------+
 | NAME               | TYPE           | CATEGORY     | SIZE    | OFFSET  |
 +--------------------+----------------+--------------+---------+---------+
 | n                  | int            | param        | 4       | -20     |
 | t#14               | int            | temp         | 4       | -24     |
 | t#15               | int            | temp         | 4       | -28     |
 | t#16               | int            | temp         | 4       | -32     |
 | t#17               | int            | temp         | 4       | -36     |
 | t#18               | int            | temp         | 4       | -40     |
 | t#19               | int            | temp         | 4       | -44     |
 | t#20               | int            | temp         | 4       | -48     |
 | t#21               | int            | temp         | 4       | -52     |
 | t#22               | int            | temp         | 4       | -56     |
 | t#23               | int            | temp         | 4       | -60     |
 | t#24               | int            | temp         | 4       | -64     |
 | t#25               | int            | temp         | 4       | -68     |
 | t#26               | int            | temp         | 4       | -72     |
 | t#27               | int            | temp         | 4       | -76     |
 | t#28               | int            | temp         | 4       | -80     |
 | t#29               | int            | temp         | 4       | -84     |
 | t#30               | int            | temp         | 4       | -88     |
 | t#31               | int            | temp         | 4       | -92     |
 | t#32               | int            | temp         | 4       | -96     |
 | t#33               | int            | temp         | 4       | -100    |
 +--------------------+----------------+--------------+---------+---------+

 +------------------------------------------------------------------------+
 | [ ACTIVATION RECORD ]     main                                         |
 +--------------------+----------------+--------------+---------+---------+
 | NAME               | TYPE           | CATEGORY     | SIZE    | OFFSET  |
 +--------------------+----------------+--------------+---------+---------+
 | t#34               | ptr(char)      | temp         | 4       | -24     |
 | t#35               | int            | temp         | 4       | -28     |
 | n                  | int            | local        | 4       | -32     |
 | t#36               | ptr(char)      | temp         | 4       | -36     |
 | t#37               | int            | temp         | 4       | -40     |
 | t#38               | ptr(int)       | temp         | 4       | -44     |
 | t#39               | int            | temp         | 4       | -48     |
 | t#40               | ptr(char)      | temp         | 4       | -52     |
 | t#41               | int            | temp         | 4       | -56     |
 | t#42               | int            | temp         | 4       | -60     |
 | t#43               | int            | temp         | 4       | -64     |
 | t#44               | ptr(char)      | temp         | 4       | -68     |
 | t#45               | int            | temp         | 4       | -72     |
 | t#46               | int            | temp         | 4       | -76     |
 | t#47               | int            | temp         | 4       | -80     |
 | t#48               | ptr(char)      | temp         | 4       | -84     |
 | t#49               | int            | temp         | 4       | -88     |
 +--------------------+----------------+--------------+---------+---------+

