

		 ++++++ ERRORS & WARNINGS ++++++





		 ++++++ THREE ADDRESS CODE ++++++

   0  |  main :
   1  |  	t#0 = 16
   2  |  	a = t#0
   3  |  	t#1 = 64
   4  |  	t#2 = a + t#1
   5  |  	b = t#2
   6  |  	t#3 = b - a
   7  |  	c = t#3
   8  |  	t#4 = a - b
   9  |  	t#5 = c * t#4
  10  |  	t#6 = b / a
  11  |  	t#7 = a * t#6
  12  |  	t#8 = t#5 % t#7
  13  |  	d = t#8
  14  |  	t#9 = a * d
  15  |  	t#10 = c - t#9
  16  |  	t#11 = b % t#10
  17  |  	t#12 = a * t#11
  18  |  	t#13 = t#12 / c
  19  |  	d = t#13
  20  |  	t#14 = 3
  21  |  	t#15 = 14
  22  |  	t#16 = t#14 * t#15
  23  |  	e = t#16
  24  |  	t#17 = 3
  25  |  	t#18 = e << t#17
  26  |  	f = t#18
  27  |  	t#19 = a - e
  28  |  	t#20 = t#19 + f
  29  |  	t#21 = a + b
  30  |  	t#22 = t#21 + c
  31  |  	t#23 = 3
  32  |  	t#24 = t#22 * t#23
  33  |  	t#25 = t#20 / t#24
  34  |  	h = t#25
  35  |  	t#26 = 2.5
  36  |  	t#28 = int2float(h)
  37  |  	t#27 = t#28 * t#26
  38  |  	i = t#27
  39  |  	t#29 = 2.33
  40  |  	t#30 = i + t#29
  41  |  	t#31 = a - b
  42  |  	t#32 = 0.0012
  43  |  	t#34 = int2float(t#31)
  44  |  	t#33 = t#34 + t#32
  45  |  	t#35 = t#30 / t#33
  46  |  	j = t#35
  47  |  	t#37 = int2float(b)
  48  |  	t#36 = t#37 / i
  49  |  	t#39 = int2float(a)
  50  |  	t#38 = t#39 + t#36
  51  |  	k = t#38
  52  |  	t#40 = 1.0
  53  |  	t#41 = - t#40
  54  |  	t#42 = j * t#41
  55  |  	t#43 = k + t#42
  56  |  	t#44 = j - t#43
  57  |  	j = t#44
  58  |  	t#45 = float2int(j)
  59  |  	g = t#45
  60  |  	t#46 = 'A'
  61  |  	l = t#46
  62  |  	t#47 = char2int(l)
  63  |  	a = t#47
  64  |  	t#49 = int2float(b)
  65  |  	t#48 = i + t#49
  66  |  	t#50 = float2int(t#48)
  67  |  	a = t#50
  68  |  	t#51 = 'Z'
  69  |  	t#52 = 'A'
  70  |  	t#53 = t#51 - t#52
  71  |  	t#55 = char2int(t#53)
  72  |  	t#56 = char2int(l)
  73  |  	t#54 = t#56 % t#55
  74  |  	t#57 = 'A'
  75  |  	t#59 = char2int(t#57)
  76  |  	t#58 = t#54 + t#59
  77  |  	b = t#58
  78  |  	t#60 = d + e
  79  |  	t#61 = b << t#60
  80  |  	c = t#61
  81  |  	t#62 = int2float(c)
  82  |  	t#63 = t#62 + j
  83  |  	k = t#63
  84  |  	t#64 = j - k
  85  |  	t#65 = i * t#64
  86  |  	t#66 = 180
  87  |  	t#68 = int2float(t#66)
  88  |  	t#67 = t#65 * t#68
  89  |  	t#69 = 3.141
  90  |  	t#70 = t#67 / t#69
  91  |  	t#71 = float2int(t#70)
  92  |  	f = t#71
  93  |  	t#72 = d * e
  94  |  	t#73 = t#72 / g
  95  |  	t#74 = f & t#73
  96  |  	t#75 = t#74 | g
  97  |  	b = t#75
  98  |  	t#76 = 'P'
  99  |  	t#77 = 'Q'
 100  |  	t#78 = t#76 + t#77
 101  |  	t#79 = 'R'
 102  |  	t#81 = char2int(t#79)
 103  |  	t#82 = char2int(t#78)
 104  |  	t#80 = t#82 % t#81
 105  |  	t#83 = ~ t#80
 106  |  	a = t#83
 107  |  	t#84 = a | b
 108  |  	t#85 = 249
 109  |  	t#86 = - t#85
 110  |  	t#87 = t#84 & t#86
 111  |  	t#88 = ~ t#87
 112  |  	h = t#88
 113  |  	t#89 = 0
 114  |  	return t#89




		 ++++++ SYMBOL TABLES ++++++

  +----------------------------------------------------------------------------------------------------------------------+
  |  TABLE NAME : ST.Global                               PARENT NAME : Null                                             |
  +----------------------------------------------------------------------------------------------------------------------+
  | NAME                    | TYPE                | INIT-VALUE   | SIZE    | OFFSET      | NESTED                        |
  | main                    | func                |              | 0       | 0           | main                          |
  +----------------------------------------------------------------------------------------------------------------------+

  +----------------------------------------------------------------------------------------------------------------------+
  |  TABLE NAME : main                               PARENT NAME : ST.Global                                             |
  +----------------------------------------------------------------------------------------------------------------------+
  | NAME                    | TYPE                | INIT-VALUE   | SIZE    | OFFSET      | NESTED                        |
  | return                  | int                 |              | 4       | 0           | Null                          |
  | a                       | int                 |              | 4       | 4           | Null                          |
  | b                       | int                 |              | 4       | 8           | Null                          |
  | c                       | int                 |              | 4       | 12          | Null                          |
  | d                       | int                 |              | 4       | 16          | Null                          |
  | e                       | int                 |              | 4       | 20          | Null                          |
  | f                       | int                 |              | 4       | 24          | Null                          |
  | g                       | int                 |              | 4       | 28          | Null                          |
  | h                       | int                 |              | 4       | 32          | Null                          |
  | i                       | float               |              | 8       | 36          | Null                          |
  | j                       | float               |              | 8       | 44          | Null                          |
  | k                       | float               |              | 8       | 52          | Null                          |
  | t#0                     | int                 |  16          | 4       | 60          | Null                          |
  | t#1                     | int                 |  64          | 4       | 64          | Null                          |
  | t#2                     | int                 |              | 4       | 68          | Null                          |
  | t#3                     | int                 |              | 4       | 72          | Null                          |
  | t#4                     | int                 |              | 4       | 76          | Null                          |
  | t#5                     | int                 |              | 4       | 80          | Null                          |
  | t#6                     | int                 |              | 4       | 84          | Null                          |
  | t#7                     | int                 |              | 4       | 88          | Null                          |
  | t#8                     | int                 |              | 4       | 92          | Null                          |
  | t#9                     | int                 |              | 4       | 96          | Null                          |
  | t#10                    | int                 |              | 4       | 100         | Null                          |
  | t#11                    | int                 |              | 4       | 104         | Null                          |
  | t#12                    | int                 |              | 4       | 108         | Null                          |
  | t#13                    | int                 |              | 4       | 112         | Null                          |
  | t#14                    | int                 |  3           | 4       | 116         | Null                          |
  | t#15                    | int                 |  14          | 4       | 120         | Null                          |
  | t#16                    | int                 |              | 4       | 124         | Null                          |
  | t#17                    | int                 |  3           | 4       | 128         | Null                          |
  | t#18                    | int                 |              | 4       | 132         | Null                          |
  | t#19                    | int                 |              | 4       | 136         | Null                          |
  | t#20                    | int                 |              | 4       | 140         | Null                          |
  | t#21                    | int                 |              | 4       | 144         | Null                          |
  | t#22                    | int                 |              | 4       | 148         | Null                          |
  | t#23                    | int                 |  3           | 4       | 152         | Null                          |
  | t#24                    | int                 |              | 4       | 156         | Null                          |
  | t#25                    | int                 |              | 4       | 160         | Null                          |
  | t#26                    | float               |  2.5         | 8       | 164         | Null                          |
  | t#27                    | float               |              | 8       | 172         | Null                          |
  | t#28                    | float               |              | 8       | 180         | Null                          |
  | t#29                    | float               |  2.33        | 8       | 188         | Null                          |
  | t#30                    | float               |              | 8       | 196         | Null                          |
  | t#31                    | int                 |              | 4       | 204         | Null                          |
  | t#32                    | float               |  0.0012      | 8       | 208         | Null                          |
  | t#33                    | float               |              | 8       | 216         | Null                          |
  | t#34                    | float               |              | 8       | 224         | Null                          |
  | t#35                    | float               |              | 8       | 232         | Null                          |
  | t#36                    | float               |              | 8       | 240         | Null                          |
  | t#37                    | float               |              | 8       | 248         | Null                          |
  | t#38                    | float               |              | 8       | 256         | Null                          |
  | t#39                    | float               |              | 8       | 264         | Null                          |
  | t#40                    | float               |  1.0         | 8       | 272         | Null                          |
  | t#41                    | float               |              | 8       | 280         | Null                          |
  | t#42                    | float               |              | 8       | 288         | Null                          |
  | t#43                    | float               |              | 8       | 296         | Null                          |
  | t#44                    | float               |              | 8       | 304         | Null                          |
  | t#45                    | int                 |              | 4       | 312         | Null                          |
  | l                       | char                |  'A'         | 1       | 316         | Null                          |
  | t#46                    | char                |  'A'         | 1       | 317         | Null                          |
  | t#47                    | int                 |              | 4       | 318         | Null                          |
  | t#48                    | float               |              | 8       | 322         | Null                          |
  | t#49                    | float               |              | 8       | 330         | Null                          |
  | t#50                    | int                 |              | 4       | 338         | Null                          |
  | t#51                    | char                |  'Z'         | 1       | 342         | Null                          |
  | t#52                    | char                |  'A'         | 1       | 343         | Null                          |
  | t#53                    | char                |              | 1       | 344         | Null                          |
  | t#54                    | int                 |              | 4       | 345         | Null                          |
  | t#55                    | int                 |              | 4       | 349         | Null                          |
  | t#56                    | int                 |              | 4       | 353         | Null                          |
  | t#57                    | char                |  'A'         | 1       | 357         | Null                          |
  | t#58                    | int                 |              | 4       | 358         | Null                          |
  | t#59                    | int                 |              | 4       | 362         | Null                          |
  | t#60                    | int                 |              | 4       | 366         | Null                          |
  | t#61                    | int                 |              | 4       | 370         | Null                          |
  | t#62                    | float               |              | 8       | 374         | Null                          |
  | t#63                    | float               |              | 8       | 382         | Null                          |
  | t#64                    | float               |              | 8       | 390         | Null                          |
  | t#65                    | float               |              | 8       | 398         | Null                          |
  | t#66                    | int                 |  180         | 4       | 406         | Null                          |
  | t#67                    | float               |              | 8       | 410         | Null                          |
  | t#68                    | float               |              | 8       | 418         | Null                          |
  | t#69                    | float               |  3.141       | 8       | 426         | Null                          |
  | t#70                    | float               |              | 8       | 434         | Null                          |
  | t#71                    | int                 |              | 4       | 442         | Null                          |
  | t#72                    | int                 |              | 4       | 446         | Null                          |
  | t#73                    | int                 |              | 4       | 450         | Null                          |
  | t#74                    | int                 |              | 4       | 454         | Null                          |
  | t#75                    | int                 |              | 4       | 458         | Null                          |
  | t#76                    | char                |  'P'         | 1       | 462         | Null                          |
  | t#77                    | char                |  'Q'         | 1       | 463         | Null                          |
  | t#78                    | char                |              | 1       | 464         | Null                          |
  | t#79                    | char                |  'R'         | 1       | 465         | Null                          |
  | t#80                    | int                 |              | 4       | 466         | Null                          |
  | t#81                    | int                 |              | 4       | 470         | Null                          |
  | t#82                    | int                 |              | 4       | 474         | Null                          |
  | t#83                    | int                 |              | 4       | 478         | Null                          |
  | t#84                    | int                 |              | 4       | 482         | Null                          |
  | t#85                    | int                 |  249         | 4       | 486         | Null                          |
  | t#86                    | int                 |              | 4       | 490         | Null                          |
  | t#87                    | int                 |              | 4       | 494         | Null                          |
  | t#88                    | int                 |              | 4       | 498         | Null                          |
  | t#89                    | int                 |  0           | 4       | 502         | Null                          |
  +----------------------------------------------------------------------------------------------------------------------+

