

		 ++++++ ERRORS & WARNINGS ++++++





		 ++++++ THREE ADDRESS CODE ++++++

   0  |  Tak :
   1  |  	if y >= x goto 4
   2  |  	goto 6
   3  |  	goto 6
   4  |  	return z
   5  |  	goto 6
   6  |  	t#0 = 1
   7  |  	t#1 = x - t#0
   8  |  	param t#1
   9  |  	param y
  10  |  	param z
  11  |  	t#2 = call Tak, 3
  12  |  	t1 = t#2
  13  |  	t#3 = 1
  14  |  	t#4 = y - t#3
  15  |  	param t#4
  16  |  	param z
  17  |  	param x
  18  |  	t#5 = call Tak, 3
  19  |  	t2 = t#5
  20  |  	t#6 = 1
  21  |  	t#7 = z - t#6
  22  |  	param t#7
  23  |  	param x
  24  |  	param y
  25  |  	t#8 = call Tak, 3
  26  |  	t3 = t#8
  27  |  	param t1
  28  |  	param t2
  29  |  	param t3
  30  |  	t#9 = call Tak, 3
  31  |  	return t#9
  32  |  Do_Tak :
  33  |  Do_Tak.FOR$0 :
  34  |  	t#10 = 0
  35  |  	i = t#10
  36  |  	if i < n goto 42
  37  |  	goto 55
  38  |  	t#11 = 1
  39  |  	t#12 = i + t#11
  40  |  	i = t#12
  41  |  	goto 36
  42  |  	t#13 = i * 4
  43  |  	t#14 = i * 4
  44  |  	t#15 = A[t#14]
  45  |  	param t#15
  46  |  	t#16 = i * 4
  47  |  	t#17 = B[t#16]
  48  |  	param t#17
  49  |  	t#18 = i * 4
  50  |  	t#19 = C[t#18]
  51  |  	param t#19
  52  |  	t#20 = call Tak, 3
  53  |  	res[t#13] = t#20
  54  |  	goto 38
  55  |  	return res
  56  |  RecH :
  57  |  	param x
  58  |  	param y
  59  |  	param z
  60  |  	t#21 = call Tak, 3
  61  |  	param y
  62  |  	param z
  63  |  	param w
  64  |  	t#22 = call Tak, 3
  65  |  	t#23 = t#21 + t#22
  66  |  	param z
  67  |  	param w
  68  |  	param x
  69  |  	t#24 = call Tak, 3
  70  |  	t#25 = t#23 + t#24
  71  |  	param w
  72  |  	param x
  73  |  	param y
  74  |  	t#26 = call Tak, 3
  75  |  	t#27 = t#25 + t#26
  76  |  	t#28 = 4
  77  |  	t#29 = t#27 / t#28
  78  |  	return t#29
  79  |  RecF :
  80  |  	param x
  81  |  	param y
  82  |  	param z
  83  |  	t#30 = x * y
  84  |  	param t#30
  85  |  	t#31 = call RecH, 4
  86  |  	param t#31
  87  |  	param x
  88  |  	param y
  89  |  	param z
  90  |  	t#32 = y * z
  91  |  	param t#32
  92  |  	t#33 = call RecH, 4
  93  |  	param t#33
  94  |  	param x
  95  |  	param y
  96  |  	param z
  97  |  	t#34 = z * x
  98  |  	param t#34
  99  |  	t#35 = call RecH, 4
 100  |  	param t#35
 101  |  	t#36 = call Tak, 3
 102  |  	return t#36
 103  |  RecG :
 104  |  	t#37 = 0
 105  |  	if w <= t#37 goto 117
 106  |  	goto 107
 107  |  	t#38 = 0
 108  |  	if x <= t#38 goto 117
 109  |  	goto 110
 110  |  	t#39 = 0
 111  |  	if y <= t#39 goto 117
 112  |  	goto 113
 113  |  	t#40 = 0
 114  |  	if z <= t#40 goto 117
 115  |  	goto 120
 116  |  	goto 120
 117  |  	t#41 = 0
 118  |  	return t#41
 119  |  	goto 120
 120  |  	t#42 = 1
 121  |  	t#43 = w - t#42
 122  |  	param t#43
 123  |  	param x
 124  |  	param y
 125  |  	t#44 = call RecF, 3
 126  |  	t1 = t#44
 127  |  	t#45 = 1
 128  |  	t#46 = x - t#45
 129  |  	param t#46
 130  |  	param y
 131  |  	param z
 132  |  	t#47 = call RecF, 3
 133  |  	t2 = t#47
 134  |  	t#48 = 1
 135  |  	t#49 = y - t#48
 136  |  	param t#49
 137  |  	param z
 138  |  	param w
 139  |  	t#50 = call RecF, 3
 140  |  	t3 = t#50
 141  |  	t#51 = 1
 142  |  	t#52 = z - t#51
 143  |  	param t#52
 144  |  	param w
 145  |  	param x
 146  |  	t#53 = call RecF, 3
 147  |  	t4 = t#53
 148  |  	t#54 = t1 + t2
 149  |  	t#55 = t#54 + t3
 150  |  	t#56 = 3
 151  |  	t#57 = t#55 / t#56
 152  |  	a = t#57
 153  |  	t#58 = t2 + t3
 154  |  	t#59 = t#58 + t4
 155  |  	t#60 = 3
 156  |  	t#61 = t#59 / t#60
 157  |  	b = t#61
 158  |  	t#62 = t3 + t4
 159  |  	t#63 = t#62 + t1
 160  |  	t#64 = 3
 161  |  	t#65 = t#63 / t#64
 162  |  	c = t#65
 163  |  	param t1
 164  |  	param t2
 165  |  	param t3
 166  |  	param t4
 167  |  	t#66 = call RecG, 4
 168  |  	p = t#66
 169  |  	param a
 170  |  	param b
 171  |  	param c
 172  |  	t#67 = call RecF, 3
 173  |  	q = t#67
 174  |  	if p < q goto 177
 175  |  	goto 179
 176  |  	goto 179
 177  |  	return p
 178  |  	goto 179
 179  |  	return q
 180  |  Find :
 181  |  Find.FOR$0 :
 182  |  	t#68 = 0
 183  |  	i = t#68
 184  |  	if i < n goto 190
 185  |  	goto 198
 186  |  	t#69 = 1
 187  |  	t#70 = i + t#69
 188  |  	i = t#70
 189  |  	goto 184
 190  |  	t#71 = i * 4
 191  |  	t#72 = A[t#71]
 192  |  	if t#72 == key goto 195
 193  |  	goto 197
 194  |  	goto 197
 195  |  	return i
 196  |  	goto 186
 197  |  	goto 186
 198  |  	t#73 = 1
 199  |  	t#74 = - t#73
 200  |  	return t#74
 201  |  Greeting :
 202  |  	return t#75
 203  |  F :
 204  |  F.FOR$0 :
 205  |  	t#76 = 0
 206  |  	k = t#76
 207  |  	if k < n goto 213
 208  |  	goto 224
 209  |  	t#77 = 1
 210  |  	t#78 = k + t#77
 211  |  	k = t#78
 212  |  	goto 207
 213  |  	t#79 = k * 4
 214  |  	t#80 = A[t#79]
 215  |  	t#81 = int2float(t#80)
 216  |  	if t#80 > thresh goto 219
 217  |  	goto 209
 218  |  	goto 223
 219  |  	t#82 = k * 4
 220  |  	t#83 = A[t#82]
 221  |  	return t#83
 222  |  	goto 209
 223  |  	goto 209
 224  |  	t#84 = 0
 225  |  	return t#84
 226  |  main :
 227  |  	t#85 = call Greeting, 0
 228  |  	t#86 = 10
 229  |  	t#87 = 10
 230  |  	t#88 = 10
 231  |  main.FOR$0 :
 232  |  	t#89 = 0
 233  |  	k = t#89
 234  |  	t#90 = 10
 235  |  	if k < t#90 goto 241
 236  |  	goto 360
 237  |  	t#91 = 1
 238  |  	t#92 = k + t#91
 239  |  	k = t#92
 240  |  	goto 234
 241  |  	t#93 = 0
 242  |  	if k == t#93 goto 245
 243  |  	goto 262
 244  |  	goto 359
 245  |  main.FOR$0.FOR$1 :
 246  |  	t#94 = k * 4
 247  |  	t#95 = 1
 248  |  	A[t#94] = t#95
 249  |  	t#96 = k * 4
 250  |  	t#97 = k * 4
 251  |  	t#98 = A[t#97]
 252  |  	t#99 = 1
 253  |  	t#100 = t#98 + t#99
 254  |  	B[t#96] = t#100
 255  |  	t#101 = k * 4
 256  |  	t#102 = k * 4
 257  |  	t#103 = B[t#102]
 258  |  	t#104 = 2
 259  |  	t#105 = t#103 - t#104
 260  |  	C[t#101] = t#105
 261  |  	goto 237
 262  |  	t#106 = 1
 263  |  	if k == t#106 goto 266
 264  |  	goto 283
 265  |  	goto 359
 266  |  main.FOR$0.FOR$2 :
 267  |  	t#107 = k * 4
 268  |  	t#108 = 2
 269  |  	A[t#107] = t#108
 270  |  	t#109 = k * 4
 271  |  	t#110 = k * 4
 272  |  	t#111 = A[t#110]
 273  |  	t#112 = 1
 274  |  	t#113 = t#111 - t#112
 275  |  	B[t#109] = t#113
 276  |  	t#114 = k * 4
 277  |  	t#115 = k * 4
 278  |  	t#116 = B[t#115]
 279  |  	t#117 = 3
 280  |  	t#118 = t#116 - t#117
 281  |  	C[t#114] = t#118
 282  |  	goto 237
 283  |  	t#119 = 2
 284  |  	if k == t#119 goto 287
 285  |  	goto 304
 286  |  	goto 359
 287  |  main.FOR$0.FOR$3 :
 288  |  	t#120 = k * 4
 289  |  	t#121 = 3
 290  |  	A[t#120] = t#121
 291  |  	t#122 = k * 4
 292  |  	t#123 = k * 4
 293  |  	t#124 = A[t#123]
 294  |  	t#125 = 3
 295  |  	t#126 = t#124 - t#125
 296  |  	B[t#122] = t#126
 297  |  	t#127 = k * 4
 298  |  	t#128 = k * 4
 299  |  	t#129 = B[t#128]
 300  |  	t#130 = 2
 301  |  	t#131 = t#129 + t#130
 302  |  	C[t#127] = t#131
 303  |  	goto 237
 304  |  main.FOR$0.FOR$4 :
 305  |  	t#132 = k * 4
 306  |  	t#133 = 1
 307  |  	t#134 = k - t#133
 308  |  	t#135 = t#134 * 4
 309  |  	t#136 = A[t#135]
 310  |  	param t#136
 311  |  	t#137 = 2
 312  |  	t#138 = k - t#137
 313  |  	t#139 = t#138 * 4
 314  |  	t#140 = A[t#139]
 315  |  	param t#140
 316  |  	t#141 = 3
 317  |  	t#142 = k - t#141
 318  |  	t#143 = t#142 * 4
 319  |  	t#144 = A[t#143]
 320  |  	param t#144
 321  |  	t#145 = call RecF, 3
 322  |  	A[t#132] = t#145
 323  |  	t#146 = k * 4
 324  |  	t#147 = 1
 325  |  	t#148 = k - t#147
 326  |  	t#149 = t#148 * 4
 327  |  	t#150 = B[t#149]
 328  |  	param t#150
 329  |  	t#151 = 2
 330  |  	t#152 = k - t#151
 331  |  	t#153 = t#152 * 4
 332  |  	t#154 = B[t#153]
 333  |  	param t#154
 334  |  	t#155 = 3
 335  |  	t#156 = k - t#155
 336  |  	t#157 = t#156 * 4
 337  |  	t#158 = B[t#157]
 338  |  	param t#158
 339  |  	t#159 = call RecF, 3
 340  |  	B[t#146] = t#159
 341  |  	t#160 = k * 4
 342  |  	t#161 = 1
 343  |  	t#162 = k - t#161
 344  |  	t#163 = t#162 * 4
 345  |  	t#164 = C[t#163]
 346  |  	param t#164
 347  |  	t#165 = 2
 348  |  	t#166 = k - t#165
 349  |  	t#167 = t#166 * 4
 350  |  	t#168 = C[t#167]
 351  |  	param t#168
 352  |  	t#169 = 3
 353  |  	t#170 = k - t#169
 354  |  	t#171 = t#170 * 4
 355  |  	t#172 = C[t#171]
 356  |  	param t#172
 357  |  	t#173 = call RecF, 3
 358  |  	C[t#160] = t#173
 359  |  	goto 237
 360  |  	t#174 = 10
 361  |  	param A
 362  |  	param B
 363  |  	param C
 364  |  	t#175 = 10
 365  |  	param t#175
 366  |  	param res
 367  |  	t#176 = call Do_Tak, 5
 368  |  	t#177 = 0
 369  |  	return t#177




		 ++++++ SYMBOL TABLES ++++++

  +----------------------------------------------------------------------------------------------------------------------+
  |  TABLE NAME : ST.Global                               PARENT NAME : Null                                             |
  +----------------------------------------------------------------------------------------------------------------------+
  | NAME                    | TYPE                | INIT-VALUE   | SIZE    | OFFSET      | NESTED                        |
  | Tak                     | func                |              | 0       | 0           | Tak                           |
  | Do_Tak                  | func                |              | 0       | 0           | Do_Tak                        |
  | RecH                    | func                |              | 0       | 0           | RecH                          |
  | RecF                    | func                |              | 0       | 0           | RecF                          |
  | RecG                    | func                |              | 0       | 0           | RecG                          |
  | Find                    | func                |              | 0       | 0           | Find                          |
  | Greeting                | func                |              | 0       | 0           | Greeting                      |
  | F                       | func                |              | 0       | 0           | F                             |
  | main                    | func                |              | 0       | 0           | main                          |
  +----------------------------------------------------------------------------------------------------------------------+

  +----------------------------------------------------------------------------------------------------------------------+
  |  TABLE NAME : Tak                               PARENT NAME : ST.Global                                              |
  +----------------------------------------------------------------------------------------------------------------------+
  | NAME                    | TYPE                | INIT-VALUE   | SIZE    | OFFSET      | NESTED                        |
  | x                       | int                 |              | 4       | 0           | Null                          |
  | y                       | int                 |              | 4       | 4           | Null                          |
  | z                       | int                 |              | 4       | 8           | Null                          |
  | return                  | int                 |              | 4       | 12          | Null                          |
  | t1                      | int                 |              | 4       | 16          | Null                          |
  | t#0                     | int                 |  1           | 4       | 20          | Null                          |
  | t#1                     | int                 |              | 4       | 24          | Null                          |
  | t#2                     | int                 |              | 4       | 28          | Null                          |
  | t2                      | int                 |              | 4       | 32          | Null                          |
  | t#3                     | int                 |  1           | 4       | 36          | Null                          |
  | t#4                     | int                 |              | 4       | 40          | Null                          |
  | t#5                     | int                 |              | 4       | 44          | Null                          |
  | t3                      | int                 |              | 4       | 48          | Null                          |
  | t#6                     | int                 |  1           | 4       | 52          | Null                          |
  | t#7                     | int                 |              | 4       | 56          | Null                          |
  | t#8                     | int                 |              | 4       | 60          | Null                          |
  | t#9                     | int                 |              | 4       | 64          | Null                          |
  +----------------------------------------------------------------------------------------------------------------------+

  +----------------------------------------------------------------------------------------------------------------------+
  |  TABLE NAME : Do_Tak                               PARENT NAME : ST.Global                                           |
  +----------------------------------------------------------------------------------------------------------------------+
  | NAME                    | TYPE                | INIT-VALUE   | SIZE    | OFFSET      | NESTED                        |
  | A                       | ptr(int)            |              | 4       | 0           | Null                          |
  | B                       | ptr(int)            |              | 4       | 4           | Null                          |
  | C                       | ptr(int)            |              | 4       | 8           | Null                          |
  | n                       | int                 |              | 4       | 12          | Null                          |
  | res                     | ptr(int)            |              | 4       | 16          | Null                          |
  | return                  | ptr(int)            |              | 4       | 20          | Null                          |
  | Do_Tak.FOR$0            | block               |              | 0       | 24          | Do_Tak.FOR$0                  |
  +----------------------------------------------------------------------------------------------------------------------+

  +----------------------------------------------------------------------------------------------------------------------+
  |  TABLE NAME : Do_Tak.FOR$0                               PARENT NAME : Do_Tak                                        |
  +----------------------------------------------------------------------------------------------------------------------+
  | NAME                    | TYPE                | INIT-VALUE   | SIZE    | OFFSET      | NESTED                        |
  | i                       | int                 |  0           | 4       | 0           | Null                          |
  | t#10                    | int                 |  0           | 4       | 4           | Null                          |
  | t#11                    | int                 |  1           | 4       | 8           | Null                          |
  | t#12                    | int                 |              | 4       | 12          | Null                          |
  | t#13                    | int                 |              | 4       | 16          | Null                          |
  | t#14                    | int                 |              | 4       | 20          | Null                          |
  | t#15                    | int                 |              | 4       | 24          | Null                          |
  | t#16                    | int                 |              | 4       | 28          | Null                          |
  | t#17                    | int                 |              | 4       | 32          | Null                          |
  | t#18                    | int                 |              | 4       | 36          | Null                          |
  | t#19                    | int                 |              | 4       | 40          | Null                          |
  | t#20                    | int                 |              | 4       | 44          | Null                          |
  +----------------------------------------------------------------------------------------------------------------------+

  +----------------------------------------------------------------------------------------------------------------------+
  |  TABLE NAME : RecH                               PARENT NAME : ST.Global                                             |
  +----------------------------------------------------------------------------------------------------------------------+
  | NAME                    | TYPE                | INIT-VALUE   | SIZE    | OFFSET      | NESTED                        |
  | w                       | int                 |              | 4       | 0           | Null                          |
  | x                       | int                 |              | 4       | 4           | Null                          |
  | y                       | int                 |              | 4       | 8           | Null                          |
  | z                       | int                 |              | 4       | 12          | Null                          |
  | return                  | int                 |              | 4       | 16          | Null                          |
  | t#21                    | int                 |              | 4       | 20          | Null                          |
  | t#22                    | int                 |              | 4       | 24          | Null                          |
  | t#23                    | int                 |              | 4       | 28          | Null                          |
  | t#24                    | int                 |              | 4       | 32          | Null                          |
  | t#25                    | int                 |              | 4       | 36          | Null                          |
  | t#26                    | int                 |              | 4       | 40          | Null                          |
  | t#27                    | int                 |              | 4       | 44          | Null                          |
  | t#28                    | int                 |  4           | 4       | 48          | Null                          |
  | t#29                    | int                 |              | 4       | 52          | Null                          |
  +----------------------------------------------------------------------------------------------------------------------+

  +----------------------------------------------------------------------------------------------------------------------+
  |  TABLE NAME : RecF                               PARENT NAME : ST.Global                                             |
  +----------------------------------------------------------------------------------------------------------------------+
  | NAME                    | TYPE                | INIT-VALUE   | SIZE    | OFFSET      | NESTED                        |
  | x                       | int                 |              | 4       | 0           | Null                          |
  | y                       | int                 |              | 4       | 4           | Null                          |
  | z                       | int                 |              | 4       | 8           | Null                          |
  | return                  | int                 |              | 4       | 12          | Null                          |
  | t#30                    | int                 |              | 4       | 16          | Null                          |
  | t#31                    | int                 |              | 4       | 20          | Null                          |
  | t#32                    | int                 |              | 4       | 24          | Null                          |
  | t#33                    | int                 |              | 4       | 28          | Null                          |
  | t#34                    | int                 |              | 4       | 32          | Null                          |
  | t#35                    | int                 |              | 4       | 36          | Null                          |
  | t#36                    | int                 |              | 4       | 40          | Null                          |
  +----------------------------------------------------------------------------------------------------------------------+

  +----------------------------------------------------------------------------------------------------------------------+
  |  TABLE NAME : RecG                               PARENT NAME : ST.Global                                             |
  +----------------------------------------------------------------------------------------------------------------------+
  | NAME                    | TYPE                | INIT-VALUE   | SIZE    | OFFSET      | NESTED                        |
  | w                       | int                 |              | 4       | 0           | Null                          |
  | x                       | int                 |              | 4       | 4           | Null                          |
  | y                       | int                 |              | 4       | 8           | Null                          |
  | z                       | int                 |              | 4       | 12          | Null                          |
  | return                  | int                 |              | 4       | 16          | Null                          |
  | t#37                    | int                 |  0           | 4       | 20          | Null                          |
  | t#38                    | int                 |  0           | 4       | 24          | Null                          |
  | t#39                    | int                 |  0           | 4       | 28          | Null                          |
  | t#40                    | int                 |  0           | 4       | 32          | Null                          |
  | t#41                    | int                 |  0           | 4       | 36          | Null                          |
  | t1                      | int                 |              | 4       | 40          | Null                          |
  | t#42                    | int                 |  1           | 4       | 44          | Null                          |
  | t#43                    | int                 |              | 4       | 48          | Null                          |
  | t#44                    | int                 |              | 4       | 52          | Null                          |
  | t2                      | int                 |              | 4       | 56          | Null                          |
  | t#45                    | int                 |  1           | 4       | 60          | Null                          |
  | t#46                    | int                 |              | 4       | 64          | Null                          |
  | t#47                    | int                 |              | 4       | 68          | Null                          |
  | t3                      | int                 |              | 4       | 72          | Null                          |
  | t#48                    | int                 |  1           | 4       | 76          | Null                          |
  | t#49                    | int                 |              | 4       | 80          | Null                          |
  | t#50                    | int                 |              | 4       | 84          | Null                          |
  | t4                      | int                 |              | 4       | 88          | Null                          |
  | t#51                    | int                 |  1           | 4       | 92          | Null                          |
  | t#52                    | int                 |              | 4       | 96          | Null                          |
  | t#53                    | int                 |              | 4       | 100         | Null                          |
  | a                       | int                 |              | 4       | 104         | Null                          |
  | t#54                    | int                 |              | 4       | 108         | Null                          |
  | t#55                    | int                 |              | 4       | 112         | Null                          |
  | t#56                    | int                 |  3           | 4       | 116         | Null                          |
  | t#57                    | int                 |              | 4       | 120         | Null                          |
  | b                       | int                 |              | 4       | 124         | Null                          |
  | t#58                    | int                 |              | 4       | 128         | Null                          |
  | t#59                    | int                 |              | 4       | 132         | Null                          |
  | t#60                    | int                 |  3           | 4       | 136         | Null                          |
  | t#61                    | int                 |              | 4       | 140         | Null                          |
  | c                       | int                 |              | 4       | 144         | Null                          |
  | t#62                    | int                 |              | 4       | 148         | Null                          |
  | t#63                    | int                 |              | 4       | 152         | Null                          |
  | t#64                    | int                 |  3           | 4       | 156         | Null                          |
  | t#65                    | int                 |              | 4       | 160         | Null                          |
  | p                       | int                 |              | 4       | 164         | Null                          |
  | t#66                    | int                 |              | 4       | 168         | Null                          |
  | q                       | int                 |              | 4       | 172         | Null                          |
  | t#67                    | int                 |              | 4       | 176         | Null                          |
  +----------------------------------------------------------------------------------------------------------------------+

  +----------------------------------------------------------------------------------------------------------------------+
  |  TABLE NAME : Find                               PARENT NAME : ST.Global                                             |
  +----------------------------------------------------------------------------------------------------------------------+
  | NAME                    | TYPE                | INIT-VALUE   | SIZE    | OFFSET      | NESTED                        |
  | key                     | int                 |              | 4       | 0           | Null                          |
  | A                       | ptr(int)            |              | 4       | 4           | Null                          |
  | n                       | int                 |              | 4       | 8           | Null                          |
  | return                  | int                 |              | 4       | 12          | Null                          |
  | Find.FOR$0              | block               |              | 0       | 16          | Find.FOR$0                    |
  | t#73                    | int                 |  1           | 4       | 16          | Null                          |
  | t#74                    | int                 |              | 4       | 20          | Null                          |
  +----------------------------------------------------------------------------------------------------------------------+

  +----------------------------------------------------------------------------------------------------------------------+
  |  TABLE NAME : Find.FOR$0                               PARENT NAME : Find                                            |
  +----------------------------------------------------------------------------------------------------------------------+
  | NAME                    | TYPE                | INIT-VALUE   | SIZE    | OFFSET      | NESTED                        |
  | i                       | int                 |  0           | 4       | 0           | Null                          |
  | t#68                    | int                 |  0           | 4       | 4           | Null                          |
  | t#69                    | int                 |  1           | 4       | 8           | Null                          |
  | t#70                    | int                 |              | 4       | 12          | Null                          |
  | t#71                    | int                 |              | 4       | 16          | Null                          |
  | t#72                    | int                 |              | 4       | 20          | Null                          |
  +----------------------------------------------------------------------------------------------------------------------+

  +----------------------------------------------------------------------------------------------------------------------+
  |  TABLE NAME : Greeting                               PARENT NAME : ST.Global                                         |
  +----------------------------------------------------------------------------------------------------------------------+
  | NAME                    | TYPE                | INIT-VALUE   | SIZE    | OFFSET      | NESTED                        |
  | return                  | ptr(char)           |              | 4       | 0           | Null                          |
  | t#75                    | ptr(char)           |  "Welcome!"  | 4       | 4           | Null                          |
  +----------------------------------------------------------------------------------------------------------------------+

  +----------------------------------------------------------------------------------------------------------------------+
  |  TABLE NAME : F                               PARENT NAME : ST.Global                                                |
  +----------------------------------------------------------------------------------------------------------------------+
  | NAME                    | TYPE                | INIT-VALUE   | SIZE    | OFFSET      | NESTED                        |
  | A                       | ptr(int)            |              | 4       | 0           | Null                          |
  | n                       | int                 |              | 4       | 4           | Null                          |
  | thresh                  | float               |              | 8       | 8           | Null                          |
  | return                  | int                 |              | 4       | 16          | Null                          |
  | F.FOR$0                 | block               |              | 0       | 20          | F.FOR$0                       |
  | t#84                    | int                 |  0           | 4       | 20          | Null                          |
  +----------------------------------------------------------------------------------------------------------------------+

  +----------------------------------------------------------------------------------------------------------------------+
  |  TABLE NAME : F.FOR$0                               PARENT NAME : F                                                  |
  +----------------------------------------------------------------------------------------------------------------------+
  | NAME                    | TYPE                | INIT-VALUE   | SIZE    | OFFSET      | NESTED                        |
  | k                       | int                 |  0           | 4       | 0           | Null                          |
  | t#76                    | int                 |  0           | 4       | 4           | Null                          |
  | t#77                    | int                 |  1           | 4       | 8           | Null                          |
  | t#78                    | int                 |              | 4       | 12          | Null                          |
  | t#79                    | int                 |              | 4       | 16          | Null                          |
  | t#80                    | int                 |              | 4       | 20          | Null                          |
  | t#81                    | float               |              | 8       | 24          | Null                          |
  | t#82                    | int                 |              | 4       | 32          | Null                          |
  | t#83                    | int                 |              | 4       | 36          | Null                          |
  +----------------------------------------------------------------------------------------------------------------------+

  +----------------------------------------------------------------------------------------------------------------------+
  |  TABLE NAME : main                               PARENT NAME : ST.Global                                             |
  +----------------------------------------------------------------------------------------------------------------------+
  | NAME                    | TYPE                | INIT-VALUE   | SIZE    | OFFSET      | NESTED                        |
  | return                  | int                 |              | 4       | 0           | Null                          |
  | t#85                    | ptr(char)           |              | 4       | 4           | Null                          |
  | A                       | arr(10,int)         |              | 40      | 8           | Null                          |
  | t#86                    | int                 |  10          | 4       | 48          | Null                          |
  | B                       | arr(10,int)         |              | 40      | 52          | Null                          |
  | t#87                    | int                 |  10          | 4       | 92          | Null                          |
  | C                       | arr(10,int)         |              | 40      | 96          | Null                          |
  | t#88                    | int                 |  10          | 4       | 136         | Null                          |
  | main.FOR$0              | block               |              | 0       | 140         | main.FOR$0                    |
  | res                     | arr(10,int)         |              | 40      | 140         | Null                          |
  | t#174                   | int                 |  10          | 4       | 180         | Null                          |
  | t#175                   | int                 |  10          | 4       | 184         | Null                          |
  | t#176                   | ptr(int)            |              | 4       | 188         | Null                          |
  | t#177                   | int                 |  0           | 4       | 192         | Null                          |
  +----------------------------------------------------------------------------------------------------------------------+

  +----------------------------------------------------------------------------------------------------------------------+
  |  TABLE NAME : main.FOR$0                               PARENT NAME : main                                            |
  +----------------------------------------------------------------------------------------------------------------------+
  | NAME                    | TYPE                | INIT-VALUE   | SIZE    | OFFSET      | NESTED                        |
  | k                       | int                 |  0           | 4       | 0           | Null                          |
  | t#89                    | int                 |  0           | 4       | 4           | Null                          |
  | t#90                    | int                 |  10          | 4       | 8           | Null                          |
  | t#91                    | int                 |  1           | 4       | 12          | Null                          |
  | t#92                    | int                 |              | 4       | 16          | Null                          |
  | t#93                    | int                 |  0           | 4       | 20          | Null                          |
  | main.FOR$0.FOR$1        | block               |              | 0       | 24          | main.FOR$0.FOR$1              |
  | t#106                   | int                 |  1           | 4       | 24          | Null                          |
  | main.FOR$0.FOR$2        | block               |              | 0       | 28          | main.FOR$0.FOR$2              |
  | t#119                   | int                 |  2           | 4       | 28          | Null                          |
  | main.FOR$0.FOR$3        | block               |              | 0       | 32          | main.FOR$0.FOR$3              |
  | main.FOR$0.FOR$4        | block               |              | 0       | 32          | main.FOR$0.FOR$4              |
  +----------------------------------------------------------------------------------------------------------------------+

  +----------------------------------------------------------------------------------------------------------------------+
  |  TABLE NAME : main.FOR$0.FOR$1                               PARENT NAME : main.FOR$0                                |
  +----------------------------------------------------------------------------------------------------------------------+
  | NAME                    | TYPE                | INIT-VALUE   | SIZE    | OFFSET      | NESTED                        |
  | t#94                    | int                 |              | 4       | 0           | Null                          |
  | t#95                    | int                 |  1           | 4       | 4           | Null                          |
  | t#96                    | int                 |              | 4       | 8           | Null                          |
  | t#97                    | int                 |              | 4       | 12          | Null                          |
  | t#98                    | int                 |              | 4       | 16          | Null                          |
  | t#99                    | int                 |  1           | 4       | 20          | Null                          |
  | t#100                   | int                 |              | 4       | 24          | Null                          |
  | t#101                   | int                 |              | 4       | 28          | Null                          |
  | t#102                   | int                 |              | 4       | 32          | Null                          |
  | t#103                   | int                 |              | 4       | 36          | Null                          |
  | t#104                   | int                 |  2           | 4       | 40          | Null                          |
  | t#105                   | int                 |              | 4       | 44          | Null                          |
  +----------------------------------------------------------------------------------------------------------------------+

  +----------------------------------------------------------------------------------------------------------------------+
  |  TABLE NAME : main.FOR$0.FOR$2                               PARENT NAME : main.FOR$0                                |
  +----------------------------------------------------------------------------------------------------------------------+
  | NAME                    | TYPE                | INIT-VALUE   | SIZE    | OFFSET      | NESTED                        |
  | t#107                   | int                 |              | 4       | 0           | Null                          |
  | t#108                   | int                 |  2           | 4       | 4           | Null                          |
  | t#109                   | int                 |              | 4       | 8           | Null                          |
  | t#110                   | int                 |              | 4       | 12          | Null                          |
  | t#111                   | int                 |              | 4       | 16          | Null                          |
  | t#112                   | int                 |  1           | 4       | 20          | Null                          |
  | t#113                   | int                 |              | 4       | 24          | Null                          |
  | t#114                   | int                 |              | 4       | 28          | Null                          |
  | t#115                   | int                 |              | 4       | 32          | Null                          |
  | t#116                   | int                 |              | 4       | 36          | Null                          |
  | t#117                   | int                 |  3           | 4       | 40          | Null                          |
  | t#118                   | int                 |              | 4       | 44          | Null                          |
  +----------------------------------------------------------------------------------------------------------------------+

  +----------------------------------------------------------------------------------------------------------------------+
  |  TABLE NAME : main.FOR$0.FOR$3                               PARENT NAME : main.FOR$0                                |
  +----------------------------------------------------------------------------------------------------------------------+
  | NAME                    | TYPE                | INIT-VALUE   | SIZE    | OFFSET      | NESTED                        |
  | t#120                   | int                 |              | 4       | 0           | Null                          |
  | t#121                   | int                 |  3           | 4       | 4           | Null                          |
  | t#122                   | int                 |              | 4       | 8           | Null                          |
  | t#123                   | int                 |              | 4       | 12          | Null                          |
  | t#124                   | int                 |              | 4       | 16          | Null                          |
  | t#125                   | int                 |  3           | 4       | 20          | Null                          |
  | t#126                   | int                 |              | 4       | 24          | Null                          |
  | t#127                   | int                 |              | 4       | 28          | Null                          |
  | t#128                   | int                 |              | 4       | 32          | Null                          |
  | t#129                   | int                 |              | 4       | 36          | Null                          |
  | t#130                   | int                 |  2           | 4       | 40          | Null                          |
  | t#131                   | int                 |              | 4       | 44          | Null                          |
  +----------------------------------------------------------------------------------------------------------------------+

  +----------------------------------------------------------------------------------------------------------------------+
  |  TABLE NAME : main.FOR$0.FOR$4                               PARENT NAME : main.FOR$0                                |
  +----------------------------------------------------------------------------------------------------------------------+
  | NAME                    | TYPE                | INIT-VALUE   | SIZE    | OFFSET      | NESTED                        |
  | t#132                   | int                 |              | 4       | 0           | Null                          |
  | t#133                   | int                 |  1           | 4       | 4           | Null                          |
  | t#134                   | int                 |              | 4       | 8           | Null                          |
  | t#135                   | int                 |              | 4       | 12          | Null                          |
  | t#136                   | int                 |              | 4       | 16          | Null                          |
  | t#137                   | int                 |  2           | 4       | 20          | Null                          |
  | t#138                   | int                 |              | 4       | 24          | Null                          |
  | t#139                   | int                 |              | 4       | 28          | Null                          |
  | t#140                   | int                 |              | 4       | 32          | Null                          |
  | t#141                   | int                 |  3           | 4       | 36          | Null                          |
  | t#142                   | int                 |              | 4       | 40          | Null                          |
  | t#143                   | int                 |              | 4       | 44          | Null                          |
  | t#144                   | int                 |              | 4       | 48          | Null                          |
  | t#145                   | int                 |              | 4       | 52          | Null                          |
  | t#146                   | int                 |              | 4       | 56          | Null                          |
  | t#147                   | int                 |  1           | 4       | 60          | Null                          |
  | t#148                   | int                 |              | 4       | 64          | Null                          |
  | t#149                   | int                 |              | 4       | 68          | Null                          |
  | t#150                   | int                 |              | 4       | 72          | Null                          |
  | t#151                   | int                 |  2           | 4       | 76          | Null                          |
  | t#152                   | int                 |              | 4       | 80          | Null                          |
  | t#153                   | int                 |              | 4       | 84          | Null                          |
  | t#154                   | int                 |              | 4       | 88          | Null                          |
  | t#155                   | int                 |  3           | 4       | 92          | Null                          |
  | t#156                   | int                 |              | 4       | 96          | Null                          |
  | t#157                   | int                 |              | 4       | 100         | Null                          |
  | t#158                   | int                 |              | 4       | 104         | Null                          |
  | t#159                   | int                 |              | 4       | 108         | Null                          |
  | t#160                   | int                 |              | 4       | 112         | Null                          |
  | t#161                   | int                 |  1           | 4       | 116         | Null                          |
  | t#162                   | int                 |              | 4       | 120         | Null                          |
  | t#163                   | int                 |              | 4       | 124         | Null                          |
  | t#164                   | int                 |              | 4       | 128         | Null                          |
  | t#165                   | int                 |  2           | 4       | 132         | Null                          |
  | t#166                   | int                 |              | 4       | 136         | Null                          |
  | t#167                   | int                 |              | 4       | 140         | Null                          |
  | t#168                   | int                 |              | 4       | 144         | Null                          |
  | t#169                   | int                 |  3           | 4       | 148         | Null                          |
  | t#170                   | int                 |              | 4       | 152         | Null                          |
  | t#171                   | int                 |              | 4       | 156         | Null                          |
  | t#172                   | int                 |              | 4       | 160         | Null                          |
  | t#173                   | int                 |              | 4       | 164         | Null                          |
  +----------------------------------------------------------------------------------------------------------------------+

