

		 ++++++ ERRORS & WARNINGS ++++++





		 ++++++ THREE ADDRESS CODE ++++++

   0  |  IfElse :
   1  |  	t#0 = 1
   2  |  	t#1 = - t#0
   3  |  	res = t#1
   4  |  	if x < y goto 6
   5  |  	goto 61
   6  |  	if z == 0 goto 61
   7  |  	goto 9
   8  |  	goto 95
   9  |  IfElse.$0 :
  10  |  	if y != x goto 15
  11  |  	goto 12
  12  |  	if z > w goto 15
  13  |  	goto 24
  14  |  	goto 60
  15  |  IfElse.$0.$1 :
  16  |  	temp = x
  17  |  	x = w
  18  |  	w = temp
  19  |  	t#2 = y - x
  20  |  	t#3 = z - w
  21  |  	t#4 = t#2 * t#3
  22  |  	res = t#4
  23  |  	goto 95
  24  |  	if y == x goto 27
  25  |  	goto 45
  26  |  	goto 60
  27  |  IfElse.$0.$2 :
  28  |  	if z <= w goto 31
  29  |  	goto 40
  30  |  	goto 44
  31  |  IfElse.$0.$2.$3 :
  32  |  	temp = y
  33  |  	y = z
  34  |  	z = temp
  35  |  	t#5 = y - w
  36  |  	t#6 = z - x
  37  |  	t#7 = t#5 * t#6
  38  |  	res = t#7
  39  |  	goto 95
  40  |  	t#8 = x + y
  41  |  	t#9 = t#8 + z
  42  |  	t#10 = t#9 + w
  43  |  	res = t#10
  44  |  	goto 95
  45  |  IfElse.$0.$4 :
  46  |  	t#11 = x + y
  47  |  	t#12 = t#11 - z
  48  |  	t#13 = t#12 - w
  49  |  	res = t#13
  50  |  	t#14 = 0
  51  |  	if res < t#14 goto 54
  52  |  	goto 95
  53  |  	goto 60
  54  |  	t#15 = 1
  55  |  	t#16 = - t#15
  56  |  	t#17 = t#16 * res
  57  |  	t#18 = res * t#17
  58  |  	res = t#18
  59  |  	goto 95
  60  |  	goto 95
  61  |  	if x >= y goto 64
  62  |  	goto 94
  63  |  	goto 95
  64  |  IfElse.$5 :
  65  |  	t#19 = ! z
  66  |  	goto 91
  67  |  IfElse.$5.$6 :
  68  |  	t#20 = x + y
  69  |  	t#21 = t#20 + w
  70  |  	t#22 = 3
  71  |  	t#23 = t#21 / t#22
  72  |  	res = t#23
  73  |  	t#24 = 0
  74  |  	z = t#24
  75  |  	goto 95
  76  |  IfElse.$5.$7 :
  77  |  	t#25 = w + y
  78  |  	t#26 = t#25 + z
  79  |  	t#27 = 3
  80  |  	t#28 = t#26 / t#27
  81  |  	x = t#28
  82  |  	t#29 = x * x
  83  |  	t#30 = y * y
  84  |  	t#31 = t#29 + t#30
  85  |  	t#32 = w * w
  86  |  	t#33 = t#31 + t#32
  87  |  	t#34 = z * z
  88  |  	t#35 = t#34 * z
  89  |  	t#36 = t#33 - t#35
  90  |  	res = t#36
  91  |  	if t#19 == 0 goto 76
  92  |  	goto 67
  93  |  	goto 95
  94  |  	res = x
  95  |  	return res
  96  |  main :
  97  |  	t#37 = 2
  98  |  	param t#37
  99  |  	t#38 = 4
 100  |  	t#39 = - t#38
 101  |  	param t#39
 102  |  	t#40 = 8
 103  |  	param t#40
 104  |  	t#41 = 16
 105  |  	t#42 = - t#41
 106  |  	param t#42
 107  |  	t#43 = call IfElse, 4
 108  |  	res1 = t#43
 109  |  	t#44 = 3
 110  |  	param t#44
 111  |  	t#45 = 9
 112  |  	param t#45
 113  |  	t#46 = 6
 114  |  	t#47 = - t#46
 115  |  	param t#47
 116  |  	t#48 = 0
 117  |  	param t#48
 118  |  	t#49 = call IfElse, 4
 119  |  	res2 = t#49
 120  |  	param res1
 121  |  	param res2
 122  |  	param res1
 123  |  	param res2
 124  |  	t#50 = call IfElse, 4
 125  |  	res = t#50
 126  |  	t#51 = 0
 127  |  	return t#51




		 ++++++ SYMBOL TABLES ++++++

  +----------------------------------------------------------------------------------------------------------------------+
  |  TABLE NAME : ST.Global                               PARENT NAME : Null                                             |
  +----------------------------------------------------------------------------------------------------------------------+
  | NAME                    | TYPE                | INIT-VALUE   | SIZE    | OFFSET      | NESTED                        |
  | IfElse                  | func                |              | 0       | 0           | IfElse                        |
  | main                    | func                |              | 0       | 0           | main                          |
  +----------------------------------------------------------------------------------------------------------------------+

  +----------------------------------------------------------------------------------------------------------------------+
  |  TABLE NAME : IfElse                               PARENT NAME : ST.Global                                           |
  +----------------------------------------------------------------------------------------------------------------------+
  | NAME                    | TYPE                | INIT-VALUE   | SIZE    | OFFSET      | NESTED                        |
  | x                       | int                 |              | 4       | 0           | Null                          |
  | y                       | int                 |              | 4       | 4           | Null                          |
  | z                       | int                 |              | 4       | 8           | Null                          |
  | w                       | int                 |              | 4       | 12          | Null                          |
  | return                  | int                 |              | 4       | 16          | Null                          |
  | res                     | int                 |              | 4       | 20          | Null                          |
  | t#0                     | int                 |  1           | 4       | 24          | Null                          |
  | t#1                     | int                 |              | 4       | 28          | Null                          |
  | IfElse.$0               | block               |              | 0       | 32          | IfElse.$0                     |
  | IfElse.$5               | block               |              | 0       | 32          | IfElse.$5                     |
  +----------------------------------------------------------------------------------------------------------------------+

  +----------------------------------------------------------------------------------------------------------------------+
  |  TABLE NAME : IfElse.$0                               PARENT NAME : IfElse                                           |
  +----------------------------------------------------------------------------------------------------------------------+
  | NAME                    | TYPE                | INIT-VALUE   | SIZE    | OFFSET      | NESTED                        |
  | IfElse.$0.$1            | block               |              | 0       | 0           | IfElse.$0.$1                  |
  | IfElse.$0.$2            | block               |              | 0       | 0           | IfElse.$0.$2                  |
  | IfElse.$0.$4            | block               |              | 0       | 0           | IfElse.$0.$4                  |
  +----------------------------------------------------------------------------------------------------------------------+

  +----------------------------------------------------------------------------------------------------------------------+
  |  TABLE NAME : IfElse.$0.$1                               PARENT NAME : IfElse.$0                                     |
  +----------------------------------------------------------------------------------------------------------------------+
  | NAME                    | TYPE                | INIT-VALUE   | SIZE    | OFFSET      | NESTED                        |
  | temp                    | int                 |              | 4       | 0           | Null                          |
  | t#2                     | int                 |              | 4       | 4           | Null                          |
  | t#3                     | int                 |              | 4       | 8           | Null                          |
  | t#4                     | int                 |              | 4       | 12          | Null                          |
  +----------------------------------------------------------------------------------------------------------------------+

  +----------------------------------------------------------------------------------------------------------------------+
  |  TABLE NAME : IfElse.$0.$2                               PARENT NAME : IfElse.$0                                     |
  +----------------------------------------------------------------------------------------------------------------------+
  | NAME                    | TYPE                | INIT-VALUE   | SIZE    | OFFSET      | NESTED                        |
  | IfElse.$0.$2.$3         | block               |              | 0       | 0           | IfElse.$0.$2.$3               |
  | t#8                     | int                 |              | 4       | 0           | Null                          |
  | t#9                     | int                 |              | 4       | 4           | Null                          |
  | t#10                    | int                 |              | 4       | 8           | Null                          |
  +----------------------------------------------------------------------------------------------------------------------+

  +----------------------------------------------------------------------------------------------------------------------+
  |  TABLE NAME : IfElse.$0.$2.$3                               PARENT NAME : IfElse.$0.$2                               |
  +----------------------------------------------------------------------------------------------------------------------+
  | NAME                    | TYPE                | INIT-VALUE   | SIZE    | OFFSET      | NESTED                        |
  | temp                    | int                 |              | 4       | 0           | Null                          |
  | t#5                     | int                 |              | 4       | 4           | Null                          |
  | t#6                     | int                 |              | 4       | 8           | Null                          |
  | t#7                     | int                 |              | 4       | 12          | Null                          |
  +----------------------------------------------------------------------------------------------------------------------+

  +----------------------------------------------------------------------------------------------------------------------+
  |  TABLE NAME : IfElse.$0.$4                               PARENT NAME : IfElse.$0                                     |
  +----------------------------------------------------------------------------------------------------------------------+
  | NAME                    | TYPE                | INIT-VALUE   | SIZE    | OFFSET      | NESTED                        |
  | t#11                    | int                 |              | 4       | 0           | Null                          |
  | t#12                    | int                 |              | 4       | 4           | Null                          |
  | t#13                    | int                 |              | 4       | 8           | Null                          |
  | t#14                    | int                 |  0           | 4       | 12          | Null                          |
  | t#15                    | int                 |  1           | 4       | 16          | Null                          |
  | t#16                    | int                 |              | 4       | 20          | Null                          |
  | t#17                    | int                 |              | 4       | 24          | Null                          |
  | t#18                    | int                 |              | 4       | 28          | Null                          |
  +----------------------------------------------------------------------------------------------------------------------+

  +----------------------------------------------------------------------------------------------------------------------+
  |  TABLE NAME : IfElse.$5                               PARENT NAME : IfElse                                           |
  +----------------------------------------------------------------------------------------------------------------------+
  | NAME                    | TYPE                | INIT-VALUE   | SIZE    | OFFSET      | NESTED                        |
  | t#19                    | int                 |              | 4       | 0           | Null                          |
  | IfElse.$5.$6            | block               |              | 0       | 4           | IfElse.$5.$6                  |
  | IfElse.$5.$7            | block               |              | 0       | 4           | IfElse.$5.$7                  |
  +----------------------------------------------------------------------------------------------------------------------+

  +----------------------------------------------------------------------------------------------------------------------+
  |  TABLE NAME : IfElse.$5.$6                               PARENT NAME : IfElse.$5                                     |
  +----------------------------------------------------------------------------------------------------------------------+
  | NAME                    | TYPE                | INIT-VALUE   | SIZE    | OFFSET      | NESTED                        |
  | t#20                    | int                 |              | 4       | 0           | Null                          |
  | t#21                    | int                 |              | 4       | 4           | Null                          |
  | t#22                    | int                 |  3           | 4       | 8           | Null                          |
  | t#23                    | int                 |              | 4       | 12          | Null                          |
  | t#24                    | int                 |  0           | 4       | 16          | Null                          |
  +----------------------------------------------------------------------------------------------------------------------+

  +----------------------------------------------------------------------------------------------------------------------+
  |  TABLE NAME : IfElse.$5.$7                               PARENT NAME : IfElse.$5                                     |
  +----------------------------------------------------------------------------------------------------------------------+
  | NAME                    | TYPE                | INIT-VALUE   | SIZE    | OFFSET      | NESTED                        |
  | t#25                    | int                 |              | 4       | 0           | Null                          |
  | t#26                    | int                 |              | 4       | 4           | Null                          |
  | t#27                    | int                 |  3           | 4       | 8           | Null                          |
  | t#28                    | int                 |              | 4       | 12          | Null                          |
  | t#29                    | int                 |              | 4       | 16          | Null                          |
  | t#30                    | int                 |              | 4       | 20          | Null                          |
  | t#31                    | int                 |              | 4       | 24          | Null                          |
  | t#32                    | int                 |              | 4       | 28          | Null                          |
  | t#33                    | int                 |              | 4       | 32          | Null                          |
  | t#34                    | int                 |              | 4       | 36          | Null                          |
  | t#35                    | int                 |              | 4       | 40          | Null                          |
  | t#36                    | int                 |              | 4       | 44          | Null                          |
  +----------------------------------------------------------------------------------------------------------------------+

  +----------------------------------------------------------------------------------------------------------------------+
  |  TABLE NAME : main                               PARENT NAME : ST.Global                                             |
  +----------------------------------------------------------------------------------------------------------------------+
  | NAME                    | TYPE                | INIT-VALUE   | SIZE    | OFFSET      | NESTED                        |
  | return                  | int                 |              | 4       | 0           | Null                          |
  | res1                    | int                 |              | 4       | 4           | Null                          |
  | t#37                    | int                 |  2           | 4       | 8           | Null                          |
  | t#38                    | int                 |  4           | 4       | 12          | Null                          |
  | t#39                    | int                 |              | 4       | 16          | Null                          |
  | t#40                    | int                 |  8           | 4       | 20          | Null                          |
  | t#41                    | int                 |  16          | 4       | 24          | Null                          |
  | t#42                    | int                 |              | 4       | 28          | Null                          |
  | t#43                    | int                 |              | 4       | 32          | Null                          |
  | res2                    | int                 |              | 4       | 36          | Null                          |
  | t#44                    | int                 |  3           | 4       | 40          | Null                          |
  | t#45                    | int                 |  9           | 4       | 44          | Null                          |
  | t#46                    | int                 |  6           | 4       | 48          | Null                          |
  | t#47                    | int                 |              | 4       | 52          | Null                          |
  | t#48                    | int                 |  0           | 4       | 56          | Null                          |
  | t#49                    | int                 |              | 4       | 60          | Null                          |
  | res                     | int                 |              | 4       | 64          | Null                          |
  | t#50                    | int                 |              | 4       | 68          | Null                          |
  | t#51                    | int                 |  0           | 4       | 72          | Null                          |
  +----------------------------------------------------------------------------------------------------------------------+

