

		 ++++++ ERRORS & WARNINGS ++++++





		 ++++++ THREE ADDRESS CODE ++++++

   0  |  Sum :
   1  |  	t#0 = 50
   2  |  Sum.FOR$0 :
   3  |  	t#1 = 0
   4  |  	i = t#1
   5  |  	t#2 = 50
   6  |  	if i < t#2 goto 12
   7  |  	goto 30
   8  |  	t#3 = 1
   9  |  	t#4 = i + t#3
  10  |  	i = t#4
  11  |  	goto 5
  12  |  	t#5 = 0
  13  |  	if i == t#5 goto 16
  14  |  	goto 19
  15  |  	goto 29
  16  |  	t#6 = i * 4
  17  |  	X[t#6] = a
  18  |  	goto 8
  19  |  Sum.FOR$0.FOR$1 :
  20  |  	t#7 = i * 4
  21  |  	t#8 = 1
  22  |  	t#9 = i - t#8
  23  |  	t#10 = t#9 * 4
  24  |  	t#11 = X[t#10]
  25  |  	t#12 = r % M
  26  |  	t#13 = t#11 * t#12
  27  |  	t#14 = t#13 % M
  28  |  	X[t#7] = t#14
  29  |  	goto 8
  30  |  	t#15 = 0
  31  |  	sum = t#15
  32  |  Sum.FOR$2 :
  33  |  	t#16 = 0
  34  |  	ctr = t#16
  35  |  	t#17 = 50
  36  |  	if ctr < t#17 goto 39
  37  |  	goto 47
  38  |  	goto 35
  39  |  	t#18 = ctr * 4
  40  |  	t#19 = X[t#18]
  41  |  	t#20 = sum + t#19
  42  |  	sum = t#20
  43  |  	t#21 = 1
  44  |  	t#22 = ctr + t#21
  45  |  	ctr = t#22
  46  |  	goto 38
  47  |  	return sum
  48  |  Sqrt :
  49  |  	t#23 = 0
  50  |  	start = t#23
  51  |  	end = n
  52  |  Sqrt.WHILE$0 :
  53  |  	if start <= end goto 55
  54  |  	goto 83
  55  |  	t#24 = start + end
  56  |  	t#25 = 2
  57  |  	t#26 = t#24 / t#25
  58  |  	mid = t#26
  59  |  	t#27 = mid * mid
  60  |  	if t#27 == n goto 63
  61  |  	goto 68
  62  |  	goto 82
  63  |  Sqrt.WHILE$0.WHILE$1 :
  64  |  	t#28 = 1
  65  |  	t#29 = end + t#28
  66  |  	start = t#29
  67  |  	goto 53
  68  |  	t#30 = mid * mid
  69  |  	if t#30 < n goto 72
  70  |  	goto 79
  71  |  	goto 82
  72  |  Sqrt.WHILE$0.WHILE$2 :
  73  |  	t#31 = int2float(start)
  74  |  	root = t#31
  75  |  	t#32 = 1
  76  |  	t#33 = mid + t#32
  77  |  	start = t#33
  78  |  	goto 53
  79  |  	t#34 = 1
  80  |  	t#35 = mid - t#34
  81  |  	end = t#35
  82  |  	goto 53
  83  |  	t#36 = 0.1
  84  |  	inc = t#36
  85  |  	t#37 = 0
  86  |  	i = t#37
  87  |  Sqrt.WHILE$3 :
  88  |  	t#38 = 6
  89  |  	if i < t#38 goto 91
  90  |  	goto 109
  91  |  Sqrt.WHILE$3.WHILE$4 :
  92  |  	t#39 = root * root
  93  |  	t#40 = int2float(n)
  94  |  	if t#39 <= n goto 96
  95  |  	goto 99
  96  |  	t#41 = root + inc
  97  |  	root = t#41
  98  |  	goto 92
  99  |  	t#42 = root - inc
 100  |  	root = t#42
 101  |  	t#43 = 10
 102  |  	t#45 = int2float(t#43)
 103  |  	t#44 = inc / t#45
 104  |  	inc = t#44
 105  |  	t#46 = 1
 106  |  	t#47 = i + t#46
 107  |  	i = t#47
 108  |  	goto 88
 109  |  	return root
 110  |  	t#48 = 10
 111  |  FrobNorm :
 112  |  	t#49 = 0
 113  |  	norm = t#49
 114  |  FrobNorm.FOR$0 :
 115  |  	t#50 = 0
 116  |  	i = t#50
 117  |  	if i < m goto 123
 118  |  	goto 143
 119  |  	t#51 = 1
 120  |  	t#52 = i + t#51
 121  |  	i = t#52
 122  |  	goto 117
 123  |  FrobNorm.FOR$0.FOR$1 :
 124  |  	t#53 = 0
 125  |  	j = t#53
 126  |  	t#54 = 10
 127  |  	if j < t#54 goto 133
 128  |  	goto 119
 129  |  	t#55 = 1
 130  |  	t#56 = j + t#55
 131  |  	j = t#56
 132  |  	goto 126
 133  |  	t#57 = i * 40
 134  |  	t#59 = j * 4
 135  |  	t#58 = t#57 + t#59
 136  |  	t#60 = A[t#58]
 137  |  	ijth_el = t#60
 138  |  	t#61 = ijth_el * ijth_el
 139  |  	t#62 = norm + t#61
 140  |  	norm = t#62
 141  |  	goto 129
 142  |  	goto 119
 143  |  	param norm
 144  |  	t#63 = call Sqrt, 1
 145  |  	return t#63
 146  |  Largest :
 147  |  	t#64 = 0
 148  |  	t#65 = t#64 * 4
 149  |  	t#66 = A[t#65]
 150  |  	lar = t#66
 151  |  	t#67 = 0
 152  |  	larIdx = t#67
 153  |  	t#68 = 0
 154  |  	c = t#68
 155  |  	t#69 = c * 4
 156  |  	t#70 = A[t#69]
 157  |  	if lar < t#70 goto 160
 158  |  	goto 166
 159  |  	goto 166
 160  |  Largest.DO_WHILE$0 :
 161  |  	t#71 = c * 4
 162  |  	t#72 = A[t#71]
 163  |  	lar = t#72
 164  |  	larIdx = c
 165  |  	goto 166
 166  |  	t#73 = 1
 167  |  	t#74 = c + t#73
 168  |  	c = t#74
 169  |  	if c < n goto 155
 170  |  	goto 171
 171  |  	return lar
 172  |  main :
 173  |  	t#75 = 13
 174  |  	param t#75
 175  |  	t#76 = 7
 176  |  	param t#76
 177  |  	t#77 = 1001
 178  |  	param t#77
 179  |  	t#78 = call Sum, 3
 180  |  	s = t#78
 181  |  	t#79 = 8
 182  |  	t#80 = 10
 183  |  main.FOR$0 :
 184  |  	t#81 = 0
 185  |  	i = t#81
 186  |  	t#82 = 8
 187  |  	if i < t#82 goto 193
 188  |  	goto 216
 189  |  	t#83 = 1
 190  |  	t#84 = i + t#83
 191  |  	i = t#84
 192  |  	goto 186
 193  |  main.FOR$0.FOR$1 :
 194  |  	t#85 = 0
 195  |  	j = t#85
 196  |  	t#86 = 10
 197  |  	if j < t#86 goto 203
 198  |  	goto 189
 199  |  	t#87 = 1
 200  |  	t#88 = j + t#87
 201  |  	j = t#88
 202  |  	goto 196
 203  |  	t#89 = i * 40
 204  |  	t#91 = j * 4
 205  |  	t#90 = t#89 + t#91
 206  |  	t#92 = 2
 207  |  	t#93 = i + t#92
 208  |  	t#94 = 2
 209  |  	t#95 = j + t#94
 210  |  	t#96 = t#93 * t#95
 211  |  	t#97 = 91
 212  |  	t#98 = t#96 % t#97
 213  |  	A[t#90] = t#98
 214  |  	goto 199
 215  |  	goto 189
 216  |  	param A
 217  |  	t#99 = 8
 218  |  	param t#99
 219  |  	t#100 = call FrobNorm, 2
 220  |  	norm = t#100
 221  |  	t#101 = 10
 222  |  main.FOR$2 :
 223  |  	t#102 = 0
 224  |  	i = t#102
 225  |  	t#103 = 10
 226  |  	if i < t#103 goto 232
 227  |  	goto 243
 228  |  	t#104 = 1
 229  |  	t#105 = i + t#104
 230  |  	i = t#105
 231  |  	goto 225
 232  |  	t#106 = i * 4
 233  |  	t#107 = i * i
 234  |  	t#108 = 4
 235  |  	t#109 = t#108 * i
 236  |  	t#110 = t#107 + t#109
 237  |  	t#111 = 5
 238  |  	t#112 = t#110 + t#111
 239  |  	t#113 = 19
 240  |  	t#114 = t#112 % t#113
 241  |  	B[t#106] = t#114
 242  |  	goto 228
 243  |  	param B
 244  |  	t#115 = 10
 245  |  	param t#115
 246  |  	t#116 = call Largest, 2
 247  |  	l = t#116
 248  |  	t#117 = 0
 249  |  	return t#117




		 ++++++ SYMBOL TABLES ++++++

  +----------------------------------------------------------------------------------------------------------------------+
  |  TABLE NAME : ST.Global                               PARENT NAME : Null                                             |
  +----------------------------------------------------------------------------------------------------------------------+
  | NAME                    | TYPE                | INIT-VALUE   | SIZE    | OFFSET      | NESTED                        |
  | Sum                     | func                |              | 0       | 0           | Sum                           |
  | Sqrt                    | func                |              | 0       | 0           | Sqrt                          |
  | FrobNorm                | func                |              | 0       | 0           | FrobNorm                      |
  | Largest                 | func                |              | 0       | 0           | Largest                       |
  | main                    | func                |              | 0       | 0           | main                          |
  +----------------------------------------------------------------------------------------------------------------------+

  +----------------------------------------------------------------------------------------------------------------------+
  |  TABLE NAME : Sum                               PARENT NAME : ST.Global                                              |
  +----------------------------------------------------------------------------------------------------------------------+
  | NAME                    | TYPE                | INIT-VALUE   | SIZE    | OFFSET      | NESTED                        |
  | a                       | int                 |              | 4       | 0           | Null                          |
  | r                       | int                 |              | 4       | 4           | Null                          |
  | M                       | int                 |              | 4       | 8           | Null                          |
  | return                  | int                 |              | 4       | 12          | Null                          |
  | X                       | arr(50,int)         |              | 200     | 16          | Null                          |
  | t#0                     | int                 |  50          | 4       | 216         | Null                          |
  | Sum.FOR$0               | block               |              | 0       | 220         | Sum.FOR$0                     |
  | sum                     | int                 |  0           | 4       | 220         | Null                          |
  | t#15                    | int                 |  0           | 4       | 224         | Null                          |
  | ctr                     | int                 |              | 4       | 228         | Null                          |
  | Sum.FOR$2               | block               |              | 0       | 232         | Sum.FOR$2                     |
  +----------------------------------------------------------------------------------------------------------------------+

  +----------------------------------------------------------------------------------------------------------------------+
  |  TABLE NAME : Sum.FOR$0                               PARENT NAME : Sum                                              |
  +----------------------------------------------------------------------------------------------------------------------+
  | NAME                    | TYPE                | INIT-VALUE   | SIZE    | OFFSET      | NESTED                        |
  | i                       | int                 |  0           | 4       | 0           | Null                          |
  | t#1                     | int                 |  0           | 4       | 4           | Null                          |
  | t#2                     | int                 |  50          | 4       | 8           | Null                          |
  | t#3                     | int                 |  1           | 4       | 12          | Null                          |
  | t#4                     | int                 |              | 4       | 16          | Null                          |
  | t#5                     | int                 |  0           | 4       | 20          | Null                          |
  | t#6                     | int                 |              | 4       | 24          | Null                          |
  | Sum.FOR$0.FOR$1         | block               |              | 0       | 28          | Sum.FOR$0.FOR$1               |
  +----------------------------------------------------------------------------------------------------------------------+

  +----------------------------------------------------------------------------------------------------------------------+
  |  TABLE NAME : Sum.FOR$0.FOR$1                               PARENT NAME : Sum.FOR$0                                  |
  +----------------------------------------------------------------------------------------------------------------------+
  | NAME                    | TYPE                | INIT-VALUE   | SIZE    | OFFSET      | NESTED                        |
  | t#7                     | int                 |              | 4       | 0           | Null                          |
  | t#8                     | int                 |  1           | 4       | 4           | Null                          |
  | t#9                     | int                 |              | 4       | 8           | Null                          |
  | t#10                    | int                 |              | 4       | 12          | Null                          |
  | t#11                    | int                 |              | 4       | 16          | Null                          |
  | t#12                    | int                 |              | 4       | 20          | Null                          |
  | t#13                    | int                 |              | 4       | 24          | Null                          |
  | t#14                    | int                 |              | 4       | 28          | Null                          |
  +----------------------------------------------------------------------------------------------------------------------+

  +----------------------------------------------------------------------------------------------------------------------+
  |  TABLE NAME : Sum.FOR$2                               PARENT NAME : Sum                                              |
  +----------------------------------------------------------------------------------------------------------------------+
  | NAME                    | TYPE                | INIT-VALUE   | SIZE    | OFFSET      | NESTED                        |
  | t#16                    | int                 |  0           | 4       | 0           | Null                          |
  | t#17                    | int                 |  50          | 4       | 4           | Null                          |
  | t#18                    | int                 |              | 4       | 8           | Null                          |
  | t#19                    | int                 |              | 4       | 12          | Null                          |
  | t#20                    | int                 |              | 4       | 16          | Null                          |
  | t#21                    | int                 |  1           | 4       | 20          | Null                          |
  | t#22                    | int                 |              | 4       | 24          | Null                          |
  +----------------------------------------------------------------------------------------------------------------------+

  +----------------------------------------------------------------------------------------------------------------------+
  |  TABLE NAME : Sqrt                               PARENT NAME : ST.Global                                             |
  +----------------------------------------------------------------------------------------------------------------------+
  | NAME                    | TYPE                | INIT-VALUE   | SIZE    | OFFSET      | NESTED                        |
  | n                       | int                 |              | 4       | 0           | Null                          |
  | return                  | float               |              | 8       | 4           | Null                          |
  | start                   | int                 |  0           | 4       | 12          | Null                          |
  | t#23                    | int                 |  0           | 4       | 16          | Null                          |
  | end                     | int                 |              | 4       | 20          | Null                          |
  | mid                     | int                 |              | 4       | 24          | Null                          |
  | root                    | float               |              | 8       | 28          | Null                          |
  | Sqrt.WHILE$0            | block               |              | 0       | 36          | Sqrt.WHILE$0                  |
  | inc                     | float               |  0.1         | 8       | 36          | Null                          |
  | t#36                    | float               |  0.1         | 8       | 44          | Null                          |
  | i                       | int                 |  0           | 4       | 52          | Null                          |
  | t#37                    | int                 |  0           | 4       | 56          | Null                          |
  | Sqrt.WHILE$3            | block               |              | 0       | 60          | Sqrt.WHILE$3                  |
  +----------------------------------------------------------------------------------------------------------------------+

  +----------------------------------------------------------------------------------------------------------------------+
  |  TABLE NAME : Sqrt.WHILE$0                               PARENT NAME : Sqrt                                          |
  +----------------------------------------------------------------------------------------------------------------------+
  | NAME                    | TYPE                | INIT-VALUE   | SIZE    | OFFSET      | NESTED                        |
  | t#24                    | int                 |              | 4       | 0           | Null                          |
  | t#25                    | int                 |  2           | 4       | 4           | Null                          |
  | t#26                    | int                 |              | 4       | 8           | Null                          |
  | t#27                    | int                 |              | 4       | 12          | Null                          |
  | Sqrt.WHILE$0.WHILE$1    | block               |              | 0       | 16          | Sqrt.WHILE$0.WHILE$1          |
  | t#30                    | int                 |              | 4       | 16          | Null                          |
  | Sqrt.WHILE$0.WHILE$2    | block               |              | 0       | 20          | Sqrt.WHILE$0.WHILE$2          |
  | t#34                    | int                 |  1           | 4       | 20          | Null                          |
  | t#35                    | int                 |              | 4       | 24          | Null                          |
  +----------------------------------------------------------------------------------------------------------------------+

  +----------------------------------------------------------------------------------------------------------------------+
  |  TABLE NAME : Sqrt.WHILE$0.WHILE$1                               PARENT NAME : Sqrt.WHILE$0                          |
  +----------------------------------------------------------------------------------------------------------------------+
  | NAME                    | TYPE                | INIT-VALUE   | SIZE    | OFFSET      | NESTED                        |
  | t#28                    | int                 |  1           | 4       | 0           | Null                          |
  | t#29                    | int                 |              | 4       | 4           | Null                          |
  +----------------------------------------------------------------------------------------------------------------------+

  +----------------------------------------------------------------------------------------------------------------------+
  |  TABLE NAME : Sqrt.WHILE$0.WHILE$2                               PARENT NAME : Sqrt.WHILE$0                          |
  +----------------------------------------------------------------------------------------------------------------------+
  | NAME                    | TYPE                | INIT-VALUE   | SIZE    | OFFSET      | NESTED                        |
  | t#31                    | float               |              | 8       | 0           | Null                          |
  | t#32                    | int                 |  1           | 4       | 8           | Null                          |
  | t#33                    | int                 |              | 4       | 12          | Null                          |
  +----------------------------------------------------------------------------------------------------------------------+

  +----------------------------------------------------------------------------------------------------------------------+
  |  TABLE NAME : Sqrt.WHILE$3                               PARENT NAME : Sqrt                                          |
  +----------------------------------------------------------------------------------------------------------------------+
  | NAME                    | TYPE                | INIT-VALUE   | SIZE    | OFFSET      | NESTED                        |
  | t#38                    | int                 |  6           | 4       | 0           | Null                          |
  | Sqrt.WHILE$3.WHILE$4    | block               |              | 0       | 4           | Sqrt.WHILE$3.WHILE$4          |
  | t#42                    | float               |              | 8       | 4           | Null                          |
  | t#43                    | int                 |  10          | 4       | 12          | Null                          |
  | t#44                    | float               |              | 8       | 16          | Null                          |
  | t#45                    | float               |              | 8       | 24          | Null                          |
  | t#46                    | int                 |  1           | 4       | 32          | Null                          |
  | t#47                    | int                 |              | 4       | 36          | Null                          |
  +----------------------------------------------------------------------------------------------------------------------+

  +----------------------------------------------------------------------------------------------------------------------+
  |  TABLE NAME : Sqrt.WHILE$3.WHILE$4                               PARENT NAME : Sqrt.WHILE$3                          |
  +----------------------------------------------------------------------------------------------------------------------+
  | NAME                    | TYPE                | INIT-VALUE   | SIZE    | OFFSET      | NESTED                        |
  | t#39                    | float               |              | 8       | 0           | Null                          |
  | t#40                    | float               |              | 8       | 8           | Null                          |
  | t#41                    | float               |              | 8       | 16          | Null                          |
  +----------------------------------------------------------------------------------------------------------------------+

  +----------------------------------------------------------------------------------------------------------------------+
  |  TABLE NAME : FrobNorm                               PARENT NAME : ST.Global                                         |
  +----------------------------------------------------------------------------------------------------------------------+
  | NAME                    | TYPE                | INIT-VALUE   | SIZE    | OFFSET      | NESTED                        |
  | A                       | arr(*,arr(10,int))  |              | 4       | 0           | Null                          |
  | t#48                    | int                 |  10          | 4       | 4           | Null                          |
  | m                       | int                 |              | 4       | 8           | Null                          |
  | return                  | float               |              | 8       | 12          | Null                          |
  | norm                    | int                 |  0           | 4       | 20          | Null                          |
  | t#49                    | int                 |  0           | 4       | 24          | Null                          |
  | FrobNorm.FOR$0          | block               |              | 0       | 28          | FrobNorm.FOR$0                |
  | t#63                    | float               |              | 8       | 28          | Null                          |
  +----------------------------------------------------------------------------------------------------------------------+

  +----------------------------------------------------------------------------------------------------------------------+
  |  TABLE NAME : FrobNorm.FOR$0                               PARENT NAME : FrobNorm                                    |
  +----------------------------------------------------------------------------------------------------------------------+
  | NAME                    | TYPE                | INIT-VALUE   | SIZE    | OFFSET      | NESTED                        |
  | i                       | int                 |  0           | 4       | 0           | Null                          |
  | t#50                    | int                 |  0           | 4       | 4           | Null                          |
  | t#51                    | int                 |  1           | 4       | 8           | Null                          |
  | t#52                    | int                 |              | 4       | 12          | Null                          |
  | FrobNorm.FOR$0.FOR$1    | block               |              | 0       | 16          | FrobNorm.FOR$0.FOR$1          |
  +----------------------------------------------------------------------------------------------------------------------+

  +----------------------------------------------------------------------------------------------------------------------+
  |  TABLE NAME : FrobNorm.FOR$0.FOR$1                               PARENT NAME : FrobNorm.FOR$0                        |
  +----------------------------------------------------------------------------------------------------------------------+
  | NAME                    | TYPE                | INIT-VALUE   | SIZE    | OFFSET      | NESTED                        |
  | j                       | int                 |  0           | 4       | 0           | Null                          |
  | t#53                    | int                 |  0           | 4       | 4           | Null                          |
  | t#54                    | int                 |  10          | 4       | 8           | Null                          |
  | t#55                    | int                 |  1           | 4       | 12          | Null                          |
  | t#56                    | int                 |              | 4       | 16          | Null                          |
  | ijth_el                 | int                 |              | 4       | 20          | Null                          |
  | t#57                    | int                 |              | 4       | 24          | Null                          |
  | t#58                    | int                 |              | 4       | 28          | Null                          |
  | t#59                    | int                 |              | 4       | 32          | Null                          |
  | t#60                    | int                 |              | 4       | 36          | Null                          |
  | t#61                    | int                 |              | 4       | 40          | Null                          |
  | t#62                    | int                 |              | 4       | 44          | Null                          |
  +----------------------------------------------------------------------------------------------------------------------+

  +----------------------------------------------------------------------------------------------------------------------+
  |  TABLE NAME : Largest                               PARENT NAME : ST.Global                                          |
  +----------------------------------------------------------------------------------------------------------------------+
  | NAME                    | TYPE                | INIT-VALUE   | SIZE    | OFFSET      | NESTED                        |
  | A                       | ptr(int)            |              | 4       | 0           | Null                          |
  | n                       | int                 |              | 4       | 4           | Null                          |
  | return                  | int                 |              | 4       | 8           | Null                          |
  | lar                     | int                 |              | 4       | 12          | Null                          |
  | t#64                    | int                 |  0           | 4       | 16          | Null                          |
  | t#65                    | int                 |              | 4       | 20          | Null                          |
  | t#66                    | int                 |              | 4       | 24          | Null                          |
  | larIdx                  | int                 |  0           | 4       | 28          | Null                          |
  | t#67                    | int                 |  0           | 4       | 32          | Null                          |
  | c                       | int                 |  0           | 4       | 36          | Null                          |
  | t#68                    | int                 |  0           | 4       | 40          | Null                          |
  | t#69                    | int                 |              | 4       | 44          | Null                          |
  | t#70                    | int                 |              | 4       | 48          | Null                          |
  | Largest.DO_WHILE$0      | block               |              | 0       | 52          | Largest.DO_WHILE$0            |
  | t#73                    | int                 |  1           | 4       | 52          | Null                          |
  | t#74                    | int                 |              | 4       | 56          | Null                          |
  +----------------------------------------------------------------------------------------------------------------------+

  +----------------------------------------------------------------------------------------------------------------------+
  |  TABLE NAME : Largest.DO_WHILE$0                               PARENT NAME : Largest                                 |
  +----------------------------------------------------------------------------------------------------------------------+
  | NAME                    | TYPE                | INIT-VALUE   | SIZE    | OFFSET      | NESTED                        |
  | t#71                    | int                 |              | 4       | 0           | Null                          |
  | t#72                    | int                 |              | 4       | 4           | Null                          |
  +----------------------------------------------------------------------------------------------------------------------+

  +----------------------------------------------------------------------------------------------------------------------+
  |  TABLE NAME : main                               PARENT NAME : ST.Global                                             |
  +----------------------------------------------------------------------------------------------------------------------+
  | NAME                    | TYPE                | INIT-VALUE   | SIZE    | OFFSET      | NESTED                        |
  | return                  | int                 |              | 4       | 0           | Null                          |
  | s                       | int                 |              | 4       | 4           | Null                          |
  | t#75                    | int                 |  13          | 4       | 8           | Null                          |
  | t#76                    | int                 |  7           | 4       | 12          | Null                          |
  | t#77                    | int                 |  1001        | 4       | 16          | Null                          |
  | t#78                    | int                 |              | 4       | 20          | Null                          |
  | A                       | arr(8,arr(10,int))  |              | 320     | 24          | Null                          |
  | t#79                    | int                 |  8           | 4       | 344         | Null                          |
  | t#80                    | int                 |  10          | 4       | 348         | Null                          |
  | main.FOR$0              | block               |              | 0       | 352         | main.FOR$0                    |
  | norm                    | float               |              | 8       | 352         | Null                          |
  | t#99                    | int                 |  8           | 4       | 360         | Null                          |
  | t#100                   | float               |              | 8       | 364         | Null                          |
  | B                       | arr(10,int)         |              | 40      | 372         | Null                          |
  | t#101                   | int                 |  10          | 4       | 412         | Null                          |
  | main.FOR$2              | block               |              | 0       | 416         | main.FOR$2                    |
  | l                       | int                 |              | 4       | 416         | Null                          |
  | t#115                   | int                 |  10          | 4       | 420         | Null                          |
  | t#116                   | int                 |              | 4       | 424         | Null                          |
  | t#117                   | int                 |  0           | 4       | 428         | Null                          |
  +----------------------------------------------------------------------------------------------------------------------+

  +----------------------------------------------------------------------------------------------------------------------+
  |  TABLE NAME : main.FOR$0                               PARENT NAME : main                                            |
  +----------------------------------------------------------------------------------------------------------------------+
  | NAME                    | TYPE                | INIT-VALUE   | SIZE    | OFFSET      | NESTED                        |
  | i                       | int                 |  0           | 4       | 0           | Null                          |
  | t#81                    | int                 |  0           | 4       | 4           | Null                          |
  | t#82                    | int                 |  8           | 4       | 8           | Null                          |
  | t#83                    | int                 |  1           | 4       | 12          | Null                          |
  | t#84                    | int                 |              | 4       | 16          | Null                          |
  | main.FOR$0.FOR$1        | block               |              | 0       | 20          | main.FOR$0.FOR$1              |
  +----------------------------------------------------------------------------------------------------------------------+

  +----------------------------------------------------------------------------------------------------------------------+
  |  TABLE NAME : main.FOR$0.FOR$1                               PARENT NAME : main.FOR$0                                |
  +----------------------------------------------------------------------------------------------------------------------+
  | NAME                    | TYPE                | INIT-VALUE   | SIZE    | OFFSET      | NESTED                        |
  | j                       | int                 |  0           | 4       | 0           | Null                          |
  | t#85                    | int                 |  0           | 4       | 4           | Null                          |
  | t#86                    | int                 |  10          | 4       | 8           | Null                          |
  | t#87                    | int                 |  1           | 4       | 12          | Null                          |
  | t#88                    | int                 |              | 4       | 16          | Null                          |
  | t#89                    | int                 |              | 4       | 20          | Null                          |
  | t#90                    | int                 |              | 4       | 24          | Null                          |
  | t#91                    | int                 |              | 4       | 28          | Null                          |
  | t#92                    | int                 |  2           | 4       | 32          | Null                          |
  | t#93                    | int                 |              | 4       | 36          | Null                          |
  | t#94                    | int                 |  2           | 4       | 40          | Null                          |
  | t#95                    | int                 |              | 4       | 44          | Null                          |
  | t#96                    | int                 |              | 4       | 48          | Null                          |
  | t#97                    | int                 |  91          | 4       | 52          | Null                          |
  | t#98                    | int                 |              | 4       | 56          | Null                          |
  +----------------------------------------------------------------------------------------------------------------------+

  +----------------------------------------------------------------------------------------------------------------------+
  |  TABLE NAME : main.FOR$2                               PARENT NAME : main                                            |
  +----------------------------------------------------------------------------------------------------------------------+
  | NAME                    | TYPE                | INIT-VALUE   | SIZE    | OFFSET      | NESTED                        |
  | i                       | int                 |  0           | 4       | 0           | Null                          |
  | t#102                   | int                 |  0           | 4       | 4           | Null                          |
  | t#103                   | int                 |  10          | 4       | 8           | Null                          |
  | t#104                   | int                 |  1           | 4       | 12          | Null                          |
  | t#105                   | int                 |              | 4       | 16          | Null                          |
  | t#106                   | int                 |              | 4       | 20          | Null                          |
  | t#107                   | int                 |              | 4       | 24          | Null                          |
  | t#108                   | int                 |  4           | 4       | 28          | Null                          |
  | t#109                   | int                 |              | 4       | 32          | Null                          |
  | t#110                   | int                 |              | 4       | 36          | Null                          |
  | t#111                   | int                 |  5           | 4       | 40          | Null                          |
  | t#112                   | int                 |              | 4       | 44          | Null                          |
  | t#113                   | int                 |  19          | 4       | 48          | Null                          |
  | t#114                   | int                 |              | 4       | 52          | Null                          |
  +----------------------------------------------------------------------------------------------------------------------+

